*----------------------------------------------------------------------------------------
*	Innovus 17.11-s080_1 (64bit) 08/04/2017 11:13 (Linux 2.6.18-194.el5)
*	
*
* 	Date & Time:	2020-Nov-16 23:40:56 (2020-Nov-16 22:40:56 GMT)
*
*----------------------------------------------------------------------------------------
*
*	Design: filter
*
*	Liberty Libraries used: 
*	        MyAnView: /software/dk/nangate45/liberty/NangateOpenCellLibrary_typical_ecsm_nowlm.lib
*
*	Power Domain used: 
*		Rail:        VDD 	Voltage:        1.1 
*
*       Power View : MyAnView
*
*       User-Defined Activity : N.A.
*
*	Switching Activity File used: 
*	        vcd/filter.vcd
*			Vcd Window used(Start Time, Stop Time):(2.38339e+11, 2.38339e+11) 
*                     Vcd Scale Factor: 1 
**                    Design annotation coverage: 1277/1277 = 100% 
*
*       Hierarchical Global Activity: N.A.
*
*       Global Activity: N.A.
*
*       Sequential Element Activity: N.A.
*
*       Primary Input Activity: 0.200000
*
*       Default icg ratio: N.A.
*
*       Global Comb ClockGate Ratio: N.A.
*
*	Power Units = 1mW
*
*	Time Units = 1e-09 secs 
*
*       Temperature = 25 
*
*       report_power -outfile powerReport/filter.rpt -rail_analysis_format VS
*
-----------------------------------------------------------------------------------------
Cell                            Internal   Switching       Total     Leakage   Cell
                                   Power       Power       Power       Power   Name
--------------------------------------------------------------------------------------
mult_294_U3                     0.002105     0.00068     0.00286   7.583e-05  FA_X1
mult_294_U4                     0.001983   0.0007103    0.002769    7.59e-05  FA_X1
mult_291_U4                     0.001668   0.0006878     0.00243   7.393e-05  FA_X1
mult_294_U5                     0.001726   0.0006164    0.002418   7.582e-05  FA_X1
mult_291_U3                     0.001581    0.000501    0.002156   7.393e-05  FA_X1
mult_294_U6                     0.001511   0.0005393    0.002126   7.576e-05  FA_X1
mult_291_U6                     0.001469   0.0005618    0.002103   7.273e-05  FA_X1
mult_294_U189                   0.001108   0.0007945     0.00194   3.799e-05  XNOR2_X1
mult_290_U4                     0.001302   0.0004681    0.001846   7.563e-05  FA_X1
mult_290_U3                     0.001296   0.0004413    0.001813   7.584e-05  FA_X1
reg_3_tmp_reg_5_                 0.00109   0.0006045    0.001783   8.824e-05  DFFR_X1
reg_3_tmp_reg_4_                0.001063   0.0006183     0.00177   8.824e-05  DFFR_X1
pipe_6_tmp_reg_5_               0.001249   0.0004299    0.001767   8.823e-05  DFFR_X1
mult_291_U5                     0.001151      0.0005    0.001732   8.061e-05  FA_X1
out_reg_tmp_reg_2_              0.001073   0.0005334    0.001694   8.819e-05  DFFR_X1
x_n_minus_1_tmp_reg_5_         0.0008861   0.0007171    0.001691   8.823e-05  DFFR_X1
mult_290_U5                     0.001186   0.0004275    0.001689   7.572e-05  FA_X1
pipe_4_tmp_reg_5_               0.001383   0.0002081     0.00168   8.824e-05  DFFR_X1
x_n_minus_1_tmp_reg_1_          0.000886   0.0006911    0.001665   8.823e-05  DFFR_X1
mult_291_U7                     0.001081   0.0004977    0.001656   7.746e-05  FA_X1
x_n_minus_1_tmp_reg_0_         0.0008859   0.0006802    0.001654   8.823e-05  DFFR_X1
pipe_6_tmp_reg_3_                 0.0012   0.0003637    0.001652   8.821e-05  DFFR_X1
pipe_6_tmp_reg_4_               0.001141   0.0004152    0.001645   8.824e-05  DFFR_X1
x_n_minus_1_tmp_reg_6_         0.0008565   0.0006997    0.001644   8.823e-05  DFFR_X1
x_n_minus_1_tmp_reg_2_         0.0008859   0.0006653    0.001639   8.823e-05  DFFR_X1
pipe_2_tmp_reg_0_               0.001372   0.0001747    0.001634   8.814e-05  DFFR_X1
pipe_2_tmp_reg_4_               0.001458   5.542e-05    0.001602   8.785e-05  DFFR_X1
out_reg_tmp_reg_3_              0.001025   0.0004808    0.001594   8.821e-05  DFFR_X1
reg_3_tmp_reg_3_               0.0009934   0.0005073    0.001589   8.822e-05  DFFR_X1
pipe_2_tmp_reg_6_               0.001443   5.269e-05    0.001584   8.786e-05  DFFR_X1
mult_294_U190                  0.0009847   0.0005587     0.00158   3.643e-05  XOR2_X1
pipe_6_tmp_reg_2_                0.00118   0.0003101    0.001578   8.827e-05  DFFR_X1
pipe_13_tmp_reg_5_              0.001051   0.0004292    0.001568   8.823e-05  DFFR_X1
pipe_13_tmp_reg_4_              0.001041   0.0004373    0.001567   8.823e-05  DFFR_X1
mult_290_U6                     0.001115   0.0003726    0.001563   7.603e-05  FA_X1
pipe_2_tmp_reg_7_               0.001416   5.852e-05    0.001562   8.786e-05  DFFR_X1
x_n_minus_1_tmp_reg_4_         0.0008268   0.0006465    0.001562   8.823e-05  DFFR_X1
x_n_minus_1_tmp_reg_7_         0.0008169   0.0006555    0.001561   8.823e-05  DFFR_X1
x_n_minus_1_tmp_reg_8_         0.0008169    0.000653    0.001558   8.823e-05  DFFR_X1
pipe_2_tmp_reg_8_               0.001415    5.09e-05    0.001554   8.786e-05  DFFR_X1
x_n_minus_1_tmp_reg_3_         0.0008268   0.0006249     0.00154   8.823e-05  DFFR_X1
pipe_4_tmp_reg_1_               0.001287   0.0001594    0.001534   8.827e-05  DFFR_X1
pipe_3_tmp_reg_8_               0.001403   4.155e-05    0.001533   8.822e-05  DFFR_X1
reg_3_tmp_reg_1_                0.000958   0.0004856    0.001532   8.807e-05  DFFR_X1
pipe_4_tmp_reg_6_               0.001282   0.0001587    0.001529   8.824e-05  DFFR_X1
pipe_2_tmp_reg_2_               0.001376   6.178e-05    0.001525   8.785e-05  DFFR_X1
mult_294_U7                     0.001049   0.0003972    0.001521   7.528e-05  FA_X1
pipe_2_tmp_reg_5_               0.001356   5.356e-05    0.001498   8.786e-05  DFFR_X1
pipe_6_tmp_reg_1_               0.001021   0.0003742    0.001483   8.807e-05  DFFR_X1
pipe_12_tmp_reg_5_              0.001238    0.000155    0.001481   8.823e-05  DFFR_X1
pipe_2_tmp_reg_3_               0.001328   5.166e-05    0.001468   8.786e-05  DFFR_X1
pipe_3_tmp_reg_7_               0.001323   5.378e-05    0.001465   8.822e-05  DFFR_X1
mult_291_U8                     0.001013   0.0003758    0.001459   7.093e-05  FA_X1
pipe_2_tmp_reg_1_               0.001316   5.173e-05    0.001455   8.786e-05  DFFR_X1
pipe_8_tmp_reg_5_               0.001307   5.509e-05     0.00145   8.823e-05  DFFR_X1
pipe_3_tmp_reg_6_               0.001322   3.911e-05    0.001449   8.822e-05  DFFR_X1
reg_3_tmp_reg_2_               0.0009231    0.000428    0.001439   8.823e-05  DFFR_X1
pipe_6_tmp_reg_6_               0.001055   0.0002856    0.001429   8.823e-05  DFFR_X1
out_reg_tmp_reg_0_             0.0009292   0.0004102    0.001428   8.818e-05  DFFR_X1
pipe_12_tmp_reg_2_              0.001229   0.0001073    0.001425   8.817e-05  DFFR_X1
out_reg_tmp_reg_1_             0.0009189   0.0004123    0.001419   8.821e-05  DFFR_X1
pipe_3_tmp_reg_4_               0.001288   3.848e-05    0.001415   8.823e-05  DFFR_X1
pipe_3_tmp_reg_5_               0.001287   3.663e-05    0.001412   8.823e-05  DFFR_X1
pipe_13_tmp_reg_3_             0.0009467   0.0003668    0.001402    8.82e-05  DFFR_X1
pipe_4_tmp_reg_2_               0.001188   0.0001207    0.001397   8.824e-05  DFFR_X1
pipe_8_tmp_reg_0_               0.001265   4.209e-05    0.001396   8.817e-05  DFFR_X1
pipe_13_tmp_reg_1_             0.0009403   0.0003625    0.001391   8.807e-05  DFFR_X1
reg_3_tmp_reg_6_               0.0008823   0.0004154    0.001386   8.824e-05  DFFR_X1
pipe_4_tmp_reg_4_               0.001184   0.0001124    0.001385   8.824e-05  DFFR_X1
pipe_4_tmp_reg_0_               0.001188   0.0001091    0.001385   8.825e-05  DFFR_X1
reg_2_tmp_reg_1_                0.001066   0.0002286    0.001383   8.824e-05  DFFR_X1
mult_291_U10                   0.0009379   0.0003709    0.001382   7.295e-05  FA_X1
reg_4_tmp_reg_1_                0.001209   7.932e-05    0.001376    8.82e-05  DFFR_X1
pipe_12_tmp_reg_3_              0.001181    0.000101    0.001371   8.823e-05  DFFR_X1
pipe_8_tmp_reg_4_               0.001241   3.631e-05    0.001365   8.821e-05  DFFR_X1
pipe_12_tmp_reg_1_              0.001172   0.0001019    0.001362   8.824e-05  DFFR_X1
pipe_12_tmp_reg_4_              0.001166   0.0001046    0.001359   8.826e-05  DFFR_X1
pipe_3_tmp_reg_3_               0.001196   3.722e-05    0.001321   8.822e-05  DFFR_X1
pipe_3_tmp_reg_0_               0.001196   3.411e-05    0.001319   8.817e-05  DFFR_X1
mult_294_U8                    0.0009197   0.0003184    0.001316   7.831e-05  FA_X1
reg_3_tmp_reg_0_               0.0008094   0.0004162    0.001314   8.827e-05  DFFR_X1
pipe_3_tmp_reg_2_               0.001186   3.565e-05     0.00131   8.823e-05  DFFR_X1
mult_294_U26                   0.0007393   0.0004891    0.001308   7.968e-05  FA_X1
mult_290_U21                   0.0007383   0.0004921    0.001306    7.58e-05  FA_X1
pipe_8_tmp_reg_1_               0.001178   3.698e-05    0.001303   8.826e-05  DFFR_X1
pipe_8_tmp_reg_2_               0.001174   4.013e-05    0.001302   8.823e-05  DFFR_X1
mult_294_U19                   0.0007215   0.0005031      0.0013   7.548e-05  FA_X1
pipe_8_tmp_reg_3_               0.001176   3.559e-05      0.0013   8.827e-05  DFFR_X1
mult_290_U10                   0.0009095   0.0003165    0.001299    7.32e-05  FA_X1
pipe_11_tmp_reg_5_              0.001035   0.0001547    0.001278   8.823e-05  DFFR_X1
mult_293_U4                     0.000865   0.0003275    0.001266   7.321e-05  FA_X1
pipe_4_tmp_reg_3_               0.001095   7.207e-05    0.001255   8.824e-05  DFFR_X1
pipe_13_tmp_reg_6_             0.0008445   0.0003202    0.001253   8.823e-05  DFFR_X1
reg_4_tmp_reg_2_                0.001109   5.372e-05    0.001251    8.82e-05  DFFR_X1
pipe_13_tmp_reg_2_             0.0008495   0.0002996    0.001237   8.823e-05  DFFR_X1
reg_4_tmp_reg_0_                0.001099   4.819e-05    0.001235   8.823e-05  DFFR_X1
pipe_12_tmp_reg_0_              0.001032   0.0001141    0.001234   8.817e-05  DFFR_X1
pipe_6_tmp_reg_0_              0.0008186   0.0003242    0.001231   8.832e-05  DFFR_X1
mult_293_U7                    0.0008451   0.0003141    0.001228   6.879e-05  FA_X1
reg_4_tmp_reg_3_                0.001115   2.186e-05    0.001225    8.82e-05  DFFR_X1
mult_293_U3                    0.0008658   0.0002692    0.001208   7.321e-05  FA_X1
sub_305_U2_2                   0.0008452   0.0002837    0.001206   7.673e-05  FA_X1
pipe_9_tmp_reg_1_                0.00104   7.687e-05    0.001205    8.82e-05  DFFR_X1
mult_293_U6                    0.0008269   0.0002884    0.001194   7.844e-05  FA_X1
mult_290_U8                    0.0007884   0.0003163     0.00118   7.499e-05  FA_X1
pipe_13_tmp_reg_0_              0.000806   0.0002851    0.001179   8.827e-05  DFFR_X1
mult_291_U9                    0.0007937   0.0003179    0.001177   6.585e-05  FA_X1
pipe_8_tmp_reg_6_               0.001076   6.989e-06    0.001171   8.823e-05  DFFR_X1
pipe_3_tmp_reg_1_               0.001029   4.645e-05    0.001163   8.822e-05  DFFR_X1
pipe_11_tmp_reg_0_             0.0009442   0.0001304    0.001163   8.817e-05  DFFR_X1
pipe_8_tmp_reg_7_               0.001057   7.242e-06    0.001152   8.823e-05  DFFR_X1
sub_302_U2_5                   0.0007753   0.0002928    0.001151   8.291e-05  FA_X1
pipe_8_tmp_reg_8_               0.001055   7.351e-06    0.001151   8.823e-05  DFFR_X1
mult_291_U26                   0.0006483   0.0004265    0.001147   7.253e-05  FA_X1
add_303_U1_2                   0.0006578   0.0004121    0.001145   7.538e-05  FA_X1
in_regs_tmp_reg_0_             0.0008824   0.0001647    0.001135   8.824e-05  DFFR_X1
pipe_4_tmp_reg_7_               0.001016   2.487e-05    0.001129   8.824e-05  DFFR_X1
mult_294_U10                   0.0007972   0.0002553    0.001128   7.528e-05  FA_X1
in_regs_tmp_reg_2_             0.0008821   0.0001501     0.00112   8.824e-05  DFFR_X1
pipe_4_tmp_reg_8_               0.001007   2.328e-05    0.001118   8.824e-05  DFFR_X1
in_regs_tmp_reg_7_             0.0008155   0.0002133    0.001117   8.824e-05  DFFR_X1
in_regs_tmp_reg_1_             0.0008821   0.0001458    0.001116   8.824e-05  DFFR_X1
sub_302_U2_7                   0.0007531   0.0002789    0.001115   8.278e-05  FA_X1
in_regs_tmp_reg_5_             0.0008821   0.0001442    0.001115   8.824e-05  DFFR_X1
pipe_1_tmp_reg_0_              0.0008795   0.0001406    0.001108   8.823e-05  DFFR_X1
sub_302_U2_6                   0.0007491   0.0002763    0.001108   8.291e-05  FA_X1
reg_4_tmp_reg_4_                0.001009   7.988e-06    0.001105    8.82e-05  DFFR_X1
mult_291_U189                  0.0008598   0.0002058    0.001101   3.535e-05  XNOR2_X1
mult_293_U5                    0.0007578   0.0002656    0.001099   7.584e-05  FA_X1
pipe_10_tmp_reg_5_             0.0008518   0.0001521    0.001092   8.822e-05  DFFR_X1
pipe_1_tmp_reg_2_               0.000879   0.0001248    0.001092   8.823e-05  DFFR_X1
pipe_10_tmp_reg_4_             0.0008518   0.0001513    0.001091   8.822e-05  DFFR_X1
pipe_1_tmp_reg_1_              0.0008789   0.0001234    0.001091   8.823e-05  DFFR_X1
sub_302_U2_4                   0.0007423   0.0002634    0.001089     8.3e-05  FA_X1
mult_290_U9                    0.0007461   0.0002686    0.001088   7.303e-05  FA_X1
pipe_1_tmp_reg_5_              0.0008788   0.0001192    0.001086   8.823e-05  DFFR_X1
reg_4_tmp_reg_7_               0.0009892   8.246e-06    0.001086    8.82e-05  DFFR_X1
reg_4_tmp_reg_6_               0.0009892   8.195e-06    0.001086    8.82e-05  DFFR_X1
in_regs_tmp_reg_6_             0.0008528   0.0001438    0.001085   8.824e-05  DFFR_X1
reg_4_tmp_reg_8_               0.0009886    7.05e-06    0.001084    8.82e-05  DFFR_X1
pipe_12_tmp_reg_6_             0.0009739   2.052e-05    0.001083   8.822e-05  DFFR_X1
pipe_12_tmp_reg_7_             0.0009738   2.042e-05    0.001082   8.822e-05  DFFR_X1
pipe_10_tmp_reg_3_             0.0008423   0.0001479    0.001078   8.822e-05  DFFR_X1
reg_4_tmp_reg_5_               0.0009811   7.592e-06    0.001077    8.82e-05  DFFR_X1
out_reg_tmp_reg_4_             0.0007561   0.0002312    0.001076    8.82e-05  DFFR_X1
pipe_10_tmp_reg_0_             0.0008347    0.000145    0.001068   8.816e-05  DFFR_X1
pipe_12_tmp_reg_8_             0.0009731           0    0.001061   8.822e-05  DFFR_X1
pipe_1_tmp_reg_6_              0.0008497   0.0001163    0.001054   8.823e-05  DFFR_X1
pipe_11_tmp_reg_4_             0.0008528   0.0001123    0.001053   8.821e-05  DFFR_X1
pipe_11_tmp_reg_1_             0.0008516   0.0001118    0.001052   8.826e-05  DFFR_X1
pipe_10_tmp_reg_1_             0.0008413   0.0001205     0.00105   8.822e-05  DFFR_X1
sub_302_U2_3                   0.0007217    0.000244    0.001049   8.291e-05  FA_X1
pipe_11_tmp_reg_2_             0.0008401    0.000113    0.001041   8.823e-05  DFFR_X1
pipe_11_tmp_reg_3_             0.0008424   0.0001092     0.00104   8.826e-05  DFFR_X1
in_regs_tmp_reg_3_             0.0008234    0.000128     0.00104   8.824e-05  DFFR_X1
in_regs_tmp_reg_4_             0.0008233   0.0001248    0.001036   8.824e-05  DFFR_X1
out_reg_tmp_reg_5_             0.0007233   0.0002226    0.001034   8.823e-05  DFFR_X1
sub_305_U2_1                   0.0007178   0.0002361    0.001032   7.766e-05  FA_X1
pipe_1_tmp_reg_3_              0.0008209   0.0001203    0.001029   8.823e-05  DFFR_X1
mult_293_U38                   0.0006424   0.0003093    0.001029   7.748e-05  FA_X1
pipe_10_tmp_reg_2_             0.0008215   0.0001167    0.001026   8.822e-05  DFFR_X1
mult_290_U26                   0.0005689   0.0003789    0.001025   7.688e-05  FA_X1
add_304_U1_3                   0.0006755    0.000273    0.001024   7.569e-05  FA_X1
mult_294_U27                   0.0005967   0.0003536    0.001024   7.341e-05  FA_X1
pipe_6_tmp_reg_7_              0.0007532   0.0001821    0.001024   8.824e-05  DFFR_X1
sub_305_U2_3                   0.0006909   0.0002485    0.001016   7.671e-05  FA_X1
mult_290_U7                    0.0007095   0.0002329    0.001016    7.32e-05  FA_X1
pipe_10_tmp_reg_6_             0.0008121   0.0001127    0.001013   8.822e-05  DFFR_X1
pipe_1_tmp_reg_4_              0.0008202   0.0001031    0.001012   8.823e-05  DFFR_X1
pipe_10_tmp_reg_7_             0.0008119    0.000109    0.001009   8.822e-05  DFFR_X1
pipe_10_tmp_reg_8_             0.0008119   0.0001077    0.001008   8.822e-05  DFFR_X1
pipe_1_tmp_reg_8_              0.0008106   0.0001082    0.001007   8.823e-05  DFFR_X1
sub_302_U2_2                   0.0007044   0.0002195    0.001007     8.3e-05  FA_X1
reg_3_tmp_reg_7_               0.0006665   0.0002501    0.001005   8.825e-05  DFFR_X1
mult_292_U8                    0.0006631    0.000268    0.001003   7.147e-05  FA_X1
reg_2_tmp_reg_0_                0.000788   0.0001252    0.001001   8.817e-05  DFFR_X1
pipe_1_tmp_reg_7_              0.0008104   0.0001019    0.001001   8.823e-05  DFFR_X1
mult_294_U21                   0.0005567   0.0003668   0.0009993    7.58e-05  FA_X1
sub_302_U2_1                   0.0006803    0.000231   0.0009945   8.319e-05  FA_X1
pipe_9_tmp_reg_2_              0.0008452   5.759e-05    0.000991    8.82e-05  DFFR_X1
sub_302_U2_8                   0.0007575   0.0001469   0.0009871   8.275e-05  FA_X1
pipe_7_tmp_reg_4_              0.0008487   4.634e-05   0.0009832   8.822e-05  DFFR_X1
mult_293_U10                   0.0006951   0.0002142   0.0009829   7.358e-05  FA_X1
pipe_5_tmp_reg_5_              0.0008484   4.568e-05   0.0009823   8.822e-05  DFFR_X1
pipe_7_tmp_reg_5_              0.0008484   4.277e-05   0.0009794   8.822e-05  DFFR_X1
pipe_5_tmp_reg_4_              0.0008479   3.765e-05   0.0009738   8.822e-05  DFFR_X1
pipe_7_tmp_reg_3_              0.0008392   4.479e-05   0.0009722   8.822e-05  DFFR_X1
add_304_U1_4                   0.0006434   0.0002516   0.0009703   7.535e-05  FA_X1
pipe_7_tmp_reg_1_              0.0008391   4.279e-05   0.0009701   8.822e-05  DFFR_X1
pipe_5_tmp_reg_1_              0.0008386    4.04e-05   0.0009672   8.822e-05  DFFR_X1
pipe_7_tmp_reg_0_              0.0008305    4.82e-05   0.0009668   8.816e-05  DFFR_X1
pipe_5_tmp_reg_3_              0.0008386    3.97e-05   0.0009665   8.822e-05  DFFR_X1
pipe_5_tmp_reg_6_              0.0008104   6.141e-05     0.00096   8.822e-05  DFFR_X1
pipe_7_tmp_reg_2_              0.0008196   4.504e-05   0.0009529   8.822e-05  DFFR_X1
pipe_5_tmp_reg_7_              0.0008102   5.428e-05   0.0009527   8.822e-05  DFFR_X1
mult_292_U7                    0.0006276   0.0002504   0.0009527   7.474e-05  FA_X1
pipe_7_tmp_reg_7_              0.0008105   5.072e-05   0.0009494   8.822e-05  DFFR_X1
pipe_5_tmp_reg_0_              0.0008279   3.332e-05   0.0009494   8.816e-05  DFFR_X1
pipe_5_tmp_reg_2_               0.000819   3.927e-05   0.0009465   8.822e-05  DFFR_X1
pipe_7_tmp_reg_6_              0.0008097   3.805e-05    0.000936   8.822e-05  DFFR_X1
pipe_13_tmp_reg_7_             0.0006479   0.0001985   0.0009346   8.823e-05  DFFR_X1
pipe_7_tmp_reg_8_              0.0008095   3.368e-05   0.0009314   8.822e-05  DFFR_X1
pipe_5_tmp_reg_8_              0.0008092   3.374e-05   0.0009312   8.822e-05  DFFR_X1
mult_292_U4                    0.0006065    0.000249   0.0009287   7.313e-05  FA_X1
mult_292_U5                    0.0005962   0.0002434    0.000915   7.539e-05  FA_X1
mult_293_U8                    0.0005963   0.0002387   0.0009109   7.588e-05  FA_X1
mult_294_U24                   0.0005191   0.0003114   0.0009064   7.584e-05  FA_X1
mult_292_U3                    0.0006066   0.0002231   0.0009028   7.313e-05  FA_X1
mult_292_U6                    0.0005923   0.0002321   0.0009003    7.59e-05  FA_X1
mult_290_U36                   0.0005641   0.0002648   0.0008975   6.864e-05  FA_X1
add_303_U1_5                   0.0004676   0.0003514   0.0008947   7.568e-05  FA_X1
mult_290_U38                    0.000536   0.0002693   0.0008814    7.61e-05  FA_X1
mult_291_U23                   0.0004923   0.0003177   0.0008813    7.12e-05  FA_X1
mult_293_U36                   0.0005502   0.0002494   0.0008716   7.203e-05  FA_X1
mult_290_U190                  0.0005318   0.0003023   0.0008703   3.619e-05  XOR2_X1
add_304_U1_2                   0.0005639   0.0002295   0.0008655   7.207e-05  FA_X1
sub_305_U2_4                   0.0005889   0.0001987   0.0008638    7.63e-05  FA_X1
mult_291_U27                   0.0005045   0.0002859   0.0008617   7.132e-05  FA_X1
sub_305_U2_7                   0.0005651   0.0002151    0.000856   7.579e-05  FA_X1
mult_291_U18                   0.0004591   0.0003307   0.0008535   6.372e-05  FA_X1
mult_294_U9                    0.0005635   0.0002121   0.0008515   7.587e-05  FA_X1
mult_292_U34                   0.0004906   0.0002966   0.0008507   6.352e-05  FA_X1
mult_291_U36                   0.0005225   0.0002508   0.0008466    7.33e-05  FA_X1
mult_290_U19                   0.0004592    0.000308   0.0008429   7.569e-05  FA_X1
sub_305_U2_6                   0.0005639   0.0001998   0.0008394   7.579e-05  FA_X1
mult_292_U9                    0.0005373   0.0002241   0.0008301   6.871e-05  FA_X1
mult_291_U24                   0.0004763   0.0002899   0.0008299   6.363e-05  FA_X1
add_303_U1_3                   0.0004528   0.0002934   0.0008215   7.527e-05  FA_X1
mult_290_U27                   0.0004691   0.0002742   0.0008172   7.388e-05  FA_X1
add_303_U1_1                   0.0004664   0.0002749   0.0008153   7.395e-05  FA_X1
sub_305_U2_5                   0.0005505   0.0001871   0.0008136   7.591e-05  FA_X1
mult_294_U36                   0.0004864   0.0002498   0.0008122   7.597e-05  FA_X1
pipe_9_tmp_reg_0_              0.0006503   6.981e-05   0.0008083   8.823e-05  DFFR_X1
mult_291_U33                   0.0004379   0.0003056   0.0008065   6.299e-05  FA_X1
mult_293_U23                   0.0004312   0.0002938   0.0007913   6.629e-05  FA_X1
mult_294_U23                   0.0004269   0.0002788   0.0007813   7.558e-05  FA_X1
pipe_9_tmp_reg_3_              0.0006511   3.875e-05   0.0007781    8.82e-05  DFFR_X1
v_out_pipe_tmp_reg_1_          0.0006473   3.739e-05   0.0007751    9.04e-05  DFFR_X1
v_out_pipe_tmp_reg_4_          0.0006473   2.382e-05   0.0007615    9.04e-05  DFFR_X1
FE_DBTC1_x_minus_1_0           4.888e-05   0.0006969   0.0007601   1.431e-05  INV_X1
add_303_U1_6                   0.0003966   0.0002834   0.0007556   7.568e-05  FA_X1
mult_290_U189                  0.0005621   0.0001496   0.0007496   3.796e-05  XNOR2_X1
v_out_pipe_tmp_reg_0_          0.0006472   1.169e-05   0.0007493    9.04e-05  DFFR_X1
tmp_vin_reg                    0.0006484   1.502e-06   0.0007403    9.04e-05  DFFR_X1
v_out_pipe_tmp_reg_3_          0.0006471    1.55e-06    0.000739    9.04e-05  DFFR_X1
v_out_pipe_tmp_reg_5_          0.0006469   1.608e-06   0.0007389    9.04e-05  DFFR_X1
v_out_pipe_tmp_reg_2_          0.0006469   1.434e-06   0.0007388    9.04e-05  DFFR_X1
mult_291_U38                   0.0004496   0.0002142   0.0007356   7.169e-05  FA_X1
add_304_U1_5                   0.0004774   0.0001824   0.0007351   7.535e-05  FA_X1
mult_293_U9                    0.0004922   0.0001695   0.0007263   6.459e-05  FA_X1
mult_291_U190                  0.0003173   0.0003575   0.0007246   4.977e-05  XOR2_X1
add_303_U1_4                   0.0003916   0.0002557    0.000723   7.579e-05  FA_X1
sub_305_U2_8                   0.0005594   8.478e-05     0.00072   7.579e-05  FA_X1
mult_293_U31                   0.0004041   0.0002405   0.0007161   7.143e-05  FA_X1
mult_294_U38                   0.0004285   0.0002092   0.0007089   7.112e-05  FA_X1
mult_293_U27                   0.0004026   0.0002329   0.0007069   7.143e-05  FA_X1
pipe_6_tmp_reg_8_              0.0005564   5.603e-05   0.0007007   8.823e-05  DFFR_X1
mult_290_U30                   0.0003728   0.0002396   0.0006863   7.389e-05  FA_X1
mult_293_U30                   0.0003643   0.0002413   0.0006838   7.816e-05  FA_X1
mult_291_U30                   0.0003586   0.0002458   0.0006785   7.415e-05  FA_X1
mult_293_U24                   0.0003897   0.0002209   0.0006743   6.371e-05  FA_X1
mult_293_U40                   0.0003992   0.0001948   0.0006698   7.576e-05  FA_X1
mult_291_U31                   0.0003769   0.0002209   0.0006696   7.181e-05  FA_X1
mult_293_U34                   0.0003654   0.0002268   0.0006692     7.7e-05  FA_X1
out_reg_tmp_reg_6_             0.0005066   7.323e-05   0.0006681   8.824e-05  DFFR_X1
reg_2_tmp_reg_2_                0.000548   3.039e-05   0.0006666   8.824e-05  DFFR_X1
mult_290_U33                   0.0003531   0.0002421   0.0006661   7.095e-05  FA_X1
reg_2_tmp_reg_3_               0.0005382   2.969e-05   0.0006562   8.824e-05  DFFR_X1
reg_2_tmp_reg_4_               0.0005284   3.056e-05   0.0006472   8.824e-05  DFFR_X1
mult_294_U30                    0.000342   0.0002268   0.0006455   7.672e-05  FA_X1
mult_291_U41                    0.000353   0.0002288   0.0006432   6.142e-05  HA_X1
mult_294_U31                   0.0003561   0.0002149    0.000642     7.1e-05  FA_X1
reg_3_tmp_reg_8_               0.0004685   8.385e-05   0.0006406   8.824e-05  DFFR_X1
reg_2_tmp_reg_8_               0.0005214    3.09e-05   0.0006405   8.824e-05  DFFR_X1
reg_2_tmp_reg_7_               0.0005214   3.093e-05   0.0006405   8.824e-05  DFFR_X1
reg_2_tmp_reg_5_               0.0005213   2.996e-05   0.0006395   8.824e-05  DFFR_X1
reg_2_tmp_reg_6_               0.0005213   2.973e-05   0.0006393   8.824e-05  DFFR_X1
mult_294_U34                   0.0003499   0.0002129   0.0006385   7.562e-05  FA_X1
mult_294_U33                    0.000334   0.0002276   0.0006373   7.559e-05  FA_X1
mult_294_U41                   0.0003426   0.0002292   0.0006329   6.104e-05  HA_X1
mult_294_U32                   0.0003273   0.0002425   0.0006312    6.14e-05  HA_X1
out_reg_tmp_reg_7_             0.0004685   6.449e-05   0.0006212   8.823e-05  DFFR_X1
mult_294_U37                   0.0003368   0.0002049   0.0006172   7.545e-05  FA_X1
add_304_U1_1                   0.0003849   0.0001547   0.0006137   7.403e-05  FA_X1
mult_290_U40                   0.0003656   0.0001678   0.0006116   7.818e-05  FA_X1
mult_293_U271                  0.0003334   0.0002322   0.0006109   4.522e-05  AOI222_X1
mult_292_U26                    0.000326   0.0002148   0.0006066   6.579e-05  FA_X1
pipe_13_tmp_reg_8_             0.0004511   6.702e-05   0.0006063   8.823e-05  DFFR_X1
mult_290_U24                   0.0003313   0.0001974   0.0006045   7.588e-05  FA_X1
mult_291_U34                   0.0003328   0.0001937   0.0006027   7.617e-05  FA_X1
mult_293_U189                  0.0004689   9.544e-05   0.0005958   3.147e-05  XNOR2_X1
mult_294_U18                   0.0003113   0.0002087   0.0005957   7.565e-05  FA_X1
mult_291_U21                   0.0003028   0.0002253   0.0005851   5.692e-05  FA_X1
mult_292_U10                   0.0003639   0.0001588   0.0005832   6.052e-05  FA_X1
mult_294_U40                   0.0003355   0.0001517   0.0005627   7.545e-05  FA_X1
pipe_11_tmp_reg_7_             0.0004502   2.185e-05   0.0005603   8.823e-05  DFFR_X1
pipe_11_tmp_reg_6_             0.0004502   2.103e-05   0.0005594   8.823e-05  DFFR_X1
pipe_9_tmp_reg_5_               0.000456   1.393e-05   0.0005582    8.82e-05  DFFR_X1
mult_291_U37                   0.0002968   0.0001964   0.0005581   6.492e-05  FA_X1
pipe_9_tmp_reg_7_               0.000456   1.338e-05   0.0005576    8.82e-05  DFFR_X1
pipe_9_tmp_reg_6_               0.000456   1.149e-05   0.0005557    8.82e-05  DFFR_X1
pipe_9_tmp_reg_8_               0.000456   1.097e-05   0.0005552    8.82e-05  DFFR_X1
pipe_9_tmp_reg_4_               0.000456   1.081e-05    0.000555    8.82e-05  DFFR_X1
mult_291_U22                   0.0003101    0.000164   0.0005502   7.615e-05  FA_X1
mult_292_U37                   0.0002947   0.0001832   0.0005426   6.473e-05  FA_X1
mult_294_U22                     0.00031    0.000156   0.0005419   7.588e-05  FA_X1
pipe_11_tmp_reg_8_             0.0004494           0   0.0005376   8.823e-05  DFFR_X1
mult_290_U37                   0.0002799   0.0001796   0.0005372    7.77e-05  FA_X1
mult_291_U270                  0.0002798      0.0002   0.0005346   5.477e-05  OAI222_X1
mult_291_U40                   0.0003153   0.0001428    0.000534   7.582e-05  FA_X1
mult_290_U34                   0.0002696   0.0001776   0.0005242   7.699e-05  FA_X1
mult_290_U23                   0.0002708   0.0001753   0.0005227   7.663e-05  FA_X1
mult_290_U270                  0.0002713   0.0002007   0.0005218    4.98e-05  OAI222_X1
mult_293_U270                  0.0002679   0.0001986   0.0005077   4.119e-05  OAI222_X1
sub_302_U11                    0.0003713   9.727e-05   0.0005037   3.514e-05  XNOR2_X1
mult_293_U41                   0.0002655   0.0001744   0.0005029   6.303e-05  HA_X1
mult_293_U26                   0.0002615   0.0001694   0.0005001   6.925e-05  FA_X1
mult_292_U30                   0.0002579    0.000178   0.0004989   6.305e-05  FA_X1
mult_290_U39                   0.0002378   0.0001924   0.0004968   6.658e-05  HA_X1
mult_292_U40                   0.0002951    0.000133   0.0004929   6.492e-05  FA_X1
mult_292_U33                   0.0002563   0.0001769   0.0004926   5.941e-05  FA_X1
mult_293_U32                     0.00028   0.0001482   0.0004886   6.042e-05  HA_X1
mult_290_U271                  0.0002666   0.0001676   0.0004869    5.26e-05  AOI222_X1
mult_293_U39                   0.0002339   0.0001809   0.0004815   6.668e-05  HA_X1
mult_293_U219                  0.0002749    0.000163   0.0004729   3.506e-05  XNOR2_X1
mult_290_U32                   0.0002371   0.0001704   0.0004687   6.121e-05  HA_X1
mult_293_U206                   0.000275   0.0001521   0.0004621   3.506e-05  XNOR2_X1
mult_293_U217                   0.000271   0.0001519    0.000458   3.506e-05  XNOR2_X1
mult_292_U252                  0.0002749   0.0001467   0.0004566   3.495e-05  XNOR2_X1
mult_293_U252                   0.000275   0.0001458   0.0004559   3.506e-05  XNOR2_X1
mult_292_U250                  0.0002711   0.0001483   0.0004544   3.495e-05  XNOR2_X1
mult_290_U206                  0.0002751   0.0001423   0.0004523   3.495e-05  XNOR2_X1
mult_293_U250                  0.0002711   0.0001457   0.0004518   3.506e-05  XNOR2_X1
mult_290_U31                   0.0002353   0.0001439   0.0004505   7.136e-05  FA_X1
mult_293_U204                  0.0002711   0.0001428   0.0004489   3.506e-05  XNOR2_X1
mult_290_U204                  0.0002712   0.0001415   0.0004475   3.483e-05  XNOR2_X1
mult_292_U189                  0.0003293    8.68e-05   0.0004471     3.1e-05  XNOR2_X1
mult_293_U190                  0.0001736   0.0001965   0.0004177   4.769e-05  XOR2_X1
mult_294_U271                   0.000221   0.0001543   0.0004147   3.937e-05  AOI222_X1
add_303_U1_7                   0.0001971   0.0001364   0.0004093   7.579e-05  FA_X1
mult_291_U271                  0.0002094   0.0001547   0.0004066   4.249e-05  AOI222_X1
mult_290_U18                   0.0001971   0.0001283   0.0004013   7.586e-05  FA_X1
out_reg_U10                    0.0002781   9.747e-05   0.0004005   2.494e-05  OAI21_X1
mult_292_U248                   0.000232    0.000132   0.0004001   3.609e-05  XNOR2_X1
mult_294_U270                  0.0002044    0.000141   0.0003976   5.225e-05  OAI222_X1
mult_290_U22                   0.0001969   0.0001223   0.0003948   7.566e-05  FA_X1
mult_294_U35                   0.0002157   0.0001188   0.0003946   6.011e-05  HA_X1
mult_293_U248                  0.0002321   0.0001257   0.0003939    3.62e-05  XNOR2_X1
mult_293_U231                  0.0002321   0.0001254   0.0003937    3.62e-05  XNOR2_X1
mult_290_U202                  0.0002321   0.0001245   0.0003927   3.609e-05  XNOR2_X1
mult_293_U202                  0.0002321   0.0001227    0.000391    3.62e-05  XNOR2_X1
reg_3_U6                       0.0002734   9.406e-05   0.0003905   2.308e-05  OAI21_X1
mult_292_U23                   0.0001954   0.0001285   0.0003876   6.367e-05  FA_X1
mult_292_U31                    0.000202   0.0001135   0.0003869   7.141e-05  FA_X1
mult_290_U35                   0.0002173   0.0001101   0.0003829   5.543e-05  HA_X1
mult_290_U203                  0.0001963   0.0001616   0.0003823   2.445e-05  OAI22_X1
mult_290_U226                   0.000189   0.0001561   0.0003821   3.695e-05  XNOR2_X1
add_304_U1_6                   0.0002287   7.751e-05   0.0003813   7.513e-05  FA_X1
mult_290_U201                   0.000195     0.00016   0.0003793   2.432e-05  OAI22_X1
mult_290_U215                  0.0001924   0.0001617   0.0003787   2.459e-05  OAI22_X1
reg_2_U8                       0.0002522   9.888e-05    0.000376   2.498e-05  OAI21_X1
mult_290_U216                  0.0001964   0.0001548   0.0003757   2.447e-05  OAI22_X1
mult_293_U203                  0.0001964   0.0001482   0.0003689   2.426e-05  OAI22_X1
mult_293_U214                  0.0002106   0.0001176   0.0003675    3.93e-05  XNOR2_X1
mult_291_U252                  0.0002133   0.0001188   0.0003672   3.506e-05  XNOR2_X1
mult_293_U198                  0.0002106    0.000116   0.0003659    3.93e-05  XNOR2_X1
mult_290_U247                  0.0001557   0.0001841   0.0003656   2.576e-05  OAI22_X1
mult_291_U219                  0.0002133   0.0001144   0.0003628   3.506e-05  XNOR2_X1
reg_3_U7                       0.0001422   0.0001895   0.0003616   2.992e-05  NAND2_X1
mult_291_U32                   0.0001917   0.0001087   0.0003608   6.042e-05  HA_X1
mult_293_U201                  0.0001948   0.0001419   0.0003607   2.403e-05  OAI22_X1
mult_290_U198                  0.0002106   0.0001099   0.0003598    3.93e-05  XNOR2_X1
mult_291_U198                  0.0002125   0.0001122   0.0003597   3.506e-05  XNOR2_X1
mult_291_U206                  0.0002134   0.0001112   0.0003597   3.506e-05  XNOR2_X1
mult_290_U41                   0.0001875   0.0001124   0.0003594   5.946e-05  HA_X1
mult_290_U267                  0.0001962   0.0001386   0.0003592   2.447e-05  OAI22_X1
mult_291_U264                  0.0002123   0.0001116    0.000359   3.506e-05  XNOR2_X1
mult_291_U214                  0.0002125    0.000111   0.0003585   3.506e-05  XNOR2_X1
mult_291_U232                  0.0002123   0.0001111   0.0003585   3.506e-05  XNOR2_X1
mult_291_U268                  0.0002134     0.00011   0.0003585   3.506e-05  XNOR2_X1
mult_291_U282                  0.0002123   0.0001099   0.0003573   3.506e-05  XNOR2_X1
mult_294_U198                  0.0002125   0.0001096   0.0003572   3.506e-05  XNOR2_X1
mult_291_U262                  0.0002125   0.0001094   0.0003569   3.506e-05  XNOR2_X1
mult_294_U200                  0.0002123   0.0001092   0.0003566   3.506e-05  XNOR2_X1
mult_292_U41                   0.0001835   0.0001103   0.0003561   6.231e-05  HA_X1
mult_291_U200                  0.0002123   0.0001084   0.0003558   3.506e-05  XNOR2_X1
mult_294_U206                  0.0002135   0.0001069   0.0003554   3.506e-05  XNOR2_X1
mult_292_U247                  0.0001581   0.0001708   0.0003543   2.536e-05  OAI22_X1
out_reg_U8                     0.0002333   8.855e-05   0.0003484   2.658e-05  OAI21_X1
mult_292_U267                  0.0001958   0.0001272   0.0003474   2.449e-05  OAI22_X1
mult_292_U271                  0.0001713   0.0001226   0.0003461   5.212e-05  AOI222_X1
mult_291_U229                   0.000202   0.0001086   0.0003457   3.506e-05  XNOR2_X1
reg_3_U12                      0.0002297    9.12e-05   0.0003457   2.479e-05  OAI21_X1
mult_290_U265                  0.0001919   0.0001282   0.0003447   2.459e-05  OAI22_X1
mult_294_U208                   0.000202   0.0001062   0.0003433   3.506e-05  XNOR2_X1
mult_291_U221                   0.000202   0.0001054   0.0003424   3.506e-05  XNOR2_X1
mult_292_U265                  0.0001916   0.0001259   0.0003423   2.473e-05  OAI22_X1
mult_293_U247                  0.0001582   0.0001589   0.0003423   2.519e-05  OAI22_X1
reg_2_U10                      0.0002294   8.618e-05   0.0003406   2.498e-05  OAI21_X1
mult_291_U254                  0.0002021   0.0001034   0.0003405   3.506e-05  XNOR2_X1
mult_291_U208                  0.0002021   0.0001023   0.0003394   3.506e-05  XNOR2_X1
mult_292_U282                   0.000195   0.0001083   0.0003379   3.462e-05  XNOR2_X1
mult_293_U199                  0.0001656   0.0001479   0.0003365   2.296e-05  OAI22_X1
mult_293_U249                  0.0001591   0.0001512   0.0003357   2.543e-05  OAI22_X1
mult_290_U200                   0.000197   0.0001041   0.0003348   3.369e-05  XNOR2_X1
mult_290_U208                  0.0001931   0.0001063   0.0003343   3.495e-05  XNOR2_X1
out_reg_U6                     0.0002278   8.062e-05   0.0003343    2.59e-05  OAI21_X1
mult_293_U232                  0.0001951   0.0001038   0.0003335   3.462e-05  XNOR2_X1
mult_290_U249                   0.000159   0.0001488   0.0003334   2.564e-05  OAI22_X1
mult_293_U282                  0.0001951   0.0001037   0.0003334   3.462e-05  XNOR2_X1
mult_292_U263                   0.000166   0.0001404   0.0003322   2.579e-05  OAI22_X1
mult_293_U221                  0.0001931   0.0001038   0.0003319   3.506e-05  XNOR2_X1
mult_292_U249                  0.0001588   0.0001471   0.0003316    2.56e-05  OAI22_X1
mult_290_U263                   0.000167   0.0001378   0.0003304   2.557e-05  OAI22_X1
mult_293_U254                  0.0001931   0.0001019   0.0003301   3.506e-05  XNOR2_X1
mult_292_U254                   0.000193   0.0001019   0.0003299   3.495e-05  XNOR2_X1
mult_293_U208                  0.0001931   0.0001016   0.0003297   3.506e-05  XNOR2_X1
mult_291_U217                  0.0001897   0.0001041   0.0003288   3.506e-05  XNOR2_X1
reg_3_U8                       0.0002242   7.733e-05   0.0003282   2.671e-05  OAI21_X1
mult_291_U235                  0.0001859   0.0001071   0.0003282   3.518e-05  XNOR2_X1
mult_293_U200                  0.0001951   9.777e-05   0.0003275   3.462e-05  XNOR2_X1
mult_294_U241                  0.0001343   0.0001691   0.0003269    2.35e-05  AOI22_X1
out_reg_U12                    0.0002151   8.565e-05   0.0003258   2.503e-05  OAI21_X1
mult_291_U250                  0.0001897   0.0001005   0.0003253   3.506e-05  XNOR2_X1
mult_291_U202                  0.0001892   0.0001003   0.0003246   3.506e-05  XNOR2_X1
mult_294_U204                  0.0001897   9.932e-05   0.0003241   3.506e-05  XNOR2_X1
mult_291_U204                  0.0001898   9.921e-05    0.000324   3.506e-05  XNOR2_X1
mult_291_U248                  0.0001892   9.935e-05   0.0003237   3.506e-05  XNOR2_X1
mult_291_U269                  0.0001898   9.866e-05   0.0003235   3.506e-05  XNOR2_X1
mult_290_U199                  0.0001646   0.0001352   0.0003231   2.327e-05  OAI22_X1
mult_291_U231                  0.0001893   9.818e-05   0.0003225   3.506e-05  XNOR2_X1
mult_290_U168                  9.468e-05   0.0002143   0.0003223   1.324e-05  INV_X1
mult_291_U266                  0.0001893   9.705e-05   0.0003214   3.506e-05  XNOR2_X1
mult_294_U242                   0.000186   9.998e-05   0.0003212   3.518e-05  XNOR2_X1
mult_290_U186                  4.037e-05   0.0002645     0.00032    1.51e-05  INV_X1
mult_294_U237                   0.000186   9.847e-05   0.0003197   3.518e-05  XNOR2_X1
mult_294_U202                  0.0001893    9.52e-05   0.0003196   3.506e-05  XNOR2_X1
mult_294_U236                  0.0001301   0.0001645   0.0003187    2.41e-05  OAI22_X1
mult_292_U186                  4.007e-05   0.0002635   0.0003184   1.486e-05  INV_X1
mult_291_U256                  0.0001861   9.596e-05   0.0003173   3.518e-05  XNOR2_X1
reg_2_U6                       0.0002103   8.154e-05   0.0003169   2.498e-05  OAI21_X1
mult_291_U234                  0.0001861   9.555e-05   0.0003168   3.518e-05  XNOR2_X1
mult_294_U240                  0.0001861   9.541e-05   0.0003167   3.518e-05  XNOR2_X1
mult_291_U240                  0.0001861   9.532e-05   0.0003166   3.518e-05  XNOR2_X1
out_reg_U11                    0.0001459   0.0001413   0.0003164   2.921e-05  NAND2_X1
mult_291_U258                  0.0001861   9.491e-05   0.0003162   3.518e-05  XNOR2_X1
sub_305_U11                    0.0001984   8.047e-05   0.0003157   3.691e-05  XNOR2_X1
mult_290_U192                  0.0001384   0.0001521    0.000315   2.449e-05  OAI22_X1
mult_290_U230                  0.0001668   0.0001225   0.0003149   2.557e-05  OAI22_X1
mult_294_U233                  0.0001296   0.0001601   0.0003146   2.482e-05  OAI22_X1
mult_293_U168                  9.336e-05   0.0002061   0.0003143    1.48e-05  INV_X1
mult_291_U273                  0.0001609   0.0001105   0.0003138   4.249e-05  AOI222_X1
mult_294_U245                  0.0001877   0.0001011   0.0003138   2.493e-05  XOR2_X1
mult_291_U237                  0.0001861   9.227e-05   0.0003136   3.518e-05  XNOR2_X1
mult_291_U272                  0.0001509   0.0001104   0.0003128   5.148e-05  OAI222_X1
mult_292_U190                  0.0001214   0.0001433   0.0003121   4.744e-05  XOR2_X1
mult_291_U203                   0.000149   0.0001387    0.000312   2.426e-05  OAI22_X1
mult_291_U168                  9.161e-05   0.0002085   0.0003118   1.169e-05  INV_X1
mult_294_U203                   0.000149   0.0001384   0.0003116   2.426e-05  OAI22_X1
reg_2_U12                      0.0002061   8.047e-05   0.0003115   2.498e-05  OAI21_X1
mult_293_U186                  3.985e-05   0.0002542   0.0003089   1.486e-05  INV_X1
mult_291_U260                  0.0002125   5.957e-05   0.0003071   3.506e-05  XNOR2_X1
mult_294_U196                  0.0002125   5.932e-05   0.0003069   3.506e-05  XNOR2_X1
mult_291_U233                    0.00013   0.0001511   0.0003051    2.41e-05  OAI22_X1
mult_291_U196                  0.0002125   5.744e-05    0.000305   3.506e-05  XNOR2_X1
mult_291_U212                  0.0002125   5.682e-05   0.0003043   3.506e-05  XNOR2_X1
mult_290_U250                  9.809e-05   0.0001669    0.000303   3.797e-05  XNOR2_X1
mult_294_U211                  0.0001486   0.0001269   0.0003002   2.465e-05  OAI22_X1
mult_291_U236                  0.0001299   0.0001436   0.0002976    2.41e-05  OAI22_X1
mult_294_U216                  0.0001485   0.0001242   0.0002974   2.465e-05  OAI22_X1
mult_292_U246                  0.0001339   0.0001377   0.0002958   2.417e-05  OAI22_X1
add_303_U1_8                   0.0001415   7.788e-05   0.0002951   7.568e-05  FA_X1
mult_290_U211                  0.0001521   0.0001135   0.0002946   2.905e-05  OAI22_X1
reg_3_U9                       0.0001189   0.0001468   0.0002946   2.878e-05  NAND2_X1
mult_293_U192                  9.291e-05   0.0001573   0.0002929   4.262e-05  OAI22_X1
mult_294_U205                  0.0001406   0.0001278   0.0002927   2.426e-05  OAI22_X1
mult_291_U39                   0.0001098   0.0001209   0.0002922   6.142e-05  HA_X1
mult_290_U219                  9.969e-05   0.0001541   0.0002917   3.796e-05  XNOR2_X1
mult_294_U197                  0.0001487   0.0001179   0.0002908   2.426e-05  OAI22_X1
mult_294_U39                   0.0001098   0.0001184   0.0002896   6.142e-05  HA_X1
mult_290_U268                  9.971e-05   0.0001519   0.0002896   3.796e-05  XNOR2_X1
reg_2_U18                      0.0001891   7.513e-05   0.0002892   2.498e-05  OAI21_X1
mult_294_U195                  0.0001486    0.000116   0.0002889   2.426e-05  OAI22_X1
mult_293_U268                  9.971e-05   0.0001504    0.000288   3.794e-05  XNOR2_X1
mult_294_U213                  0.0001484   0.0001149    0.000288   2.465e-05  OAI22_X1
reg_3_U10                      0.0001854   7.755e-05   0.0002877   2.479e-05  OAI21_X1
mult_290_U269                  9.823e-05    0.000151   0.0002872   3.797e-05  XNOR2_X1
mult_294_U168                  8.237e-05   0.0001904    0.000287   1.431e-05  INV_X1
mult_290_U252                  9.974e-05   0.0001486   0.0002863   3.796e-05  XNOR2_X1
mult_290_U259                   0.000152   0.0001052   0.0002863   2.905e-05  OAI22_X1
out_reg_U9                     0.0001242   0.0001325   0.0002853   2.867e-05  NAND2_X1
mult_291_U197                  0.0001486   0.0001123   0.0002852   2.426e-05  OAI22_X1
mult_294_U272                  0.0001304   9.558e-05   0.0002851   5.911e-05  OAI222_X1
mult_291_U192                  0.0001405   0.0001201   0.0002849   2.426e-05  OAI22_X1
reg_2_U14                       0.000189   7.088e-05   0.0002848   2.498e-05  OAI21_X1
mult_294_U199                  0.0001323   0.0001282   0.0002848   2.426e-05  OAI22_X1
mult_292_U206                  0.0001003   0.0001463   0.0002846   3.796e-05  XNOR2_X1
mult_290_U246                  0.0001353   0.0001223   0.0002844   2.685e-05  OAI22_X1
mult_292_U259                  0.0001513   0.0001038   0.0002843   2.928e-05  OAI22_X1
mult_291_U195                  0.0001486   0.0001108   0.0002837   2.426e-05  OAI22_X1
reg_2_U4                       0.0001889   6.959e-05   0.0002835   2.498e-05  OAI21_X1
mult_290_U217                  9.827e-05   0.0001468    0.000283   3.797e-05  XNOR2_X1
mult_294_U192                  0.0001402    0.000118   0.0002828   2.465e-05  OAI22_X1
mult_292_U219                  0.0001004   0.0001442   0.0002825   3.796e-05  XNOR2_X1
reg_2_U9                       0.0001319   0.0001213   0.0002825   2.927e-05  NAND2_X1
mult_292_U204                  9.923e-05   0.0001451   0.0002823   3.796e-05  XNOR2_X1
mult_293_U195                   0.000149   0.0001136   0.0002818    1.93e-05  OAI22_X1
mult_293_U21                   0.0001309   8.892e-05   0.0002815   6.169e-05  FA_X1
mult_292_U217                  9.924e-05   0.0001443   0.0002815   3.796e-05  XNOR2_X1
mult_292_U268                  0.0001004   0.0001426   0.0002809   3.796e-05  XNOR2_X1
mult_290_U197                  0.0001442   0.0001116   0.0002808   2.488e-05  OAI22_X1
mult_292_U38                   0.0001337   7.657e-05   0.0002806   7.033e-05  FA_X1
mult_290_U195                  0.0001483   0.0001122   0.0002799   1.936e-05  OAI22_X1
mult_294_U207                  0.0001296    0.000126   0.0002796   2.412e-05  OAI22_X1
mult_291_U199                  0.0001323   0.0001227   0.0002792   2.426e-05  OAI22_X1
mult_293_U246                  0.0001338   0.0001214   0.0002791   2.402e-05  OAI22_X1
mult_292_U269                  9.928e-05   0.0001419   0.0002791   3.796e-05  XNOR2_X1
mult_293_U269                  9.847e-05   0.0001427   0.0002791   3.794e-05  XNOR2_X1
mult_292_U192                  0.0001378   0.0001167    0.000279   2.449e-05  OAI22_X1
mult_294_U259                  0.0001483   0.0001046   0.0002775   2.465e-05  OAI22_X1
mult_290_U205                   0.000138   0.0001151   0.0002775   2.443e-05  OAI22_X1
reg_3_U14                      0.0001857    6.65e-05    0.000277   2.479e-05  OAI21_X1
reg_2_U2                       0.0001886   6.301e-05   0.0002766   2.498e-05  OAI21_X1
mult_293_U197                  0.0001428   0.0001098   0.0002765   2.387e-05  OAI22_X1
mult_294_U218                  0.0001401   0.0001115   0.0002763   2.465e-05  OAI22_X1
mult_291_U263                  0.0001322   0.0001176   0.0002741   2.426e-05  OAI22_X1
mult_291_U259                  0.0001484    0.000101   0.0002737   2.426e-05  OAI22_X1
mult_291_U205                  0.0001403   0.0001084   0.0002729   2.426e-05  OAI22_X1
mult_294_U215                   0.000132   0.0001161   0.0002727   2.465e-05  OAI22_X1
mult_290_U218                  0.0001379   0.0001086    0.000271   2.449e-05  OAI22_X1
mult_291_U249                  0.0001212   0.0001228   0.0002695   2.543e-05  OAI22_X1
mult_293_U33                   0.0001235   9.102e-05    0.000269   5.449e-05  FA_X1
mult_291_U201                  0.0001321   0.0001121   0.0002685   2.426e-05  OAI22_X1
add_304_U1                     0.0001725   6.187e-05   0.0002684   3.403e-05  XOR2_X1
out_reg_U7                     0.0001208   0.0001181   0.0002677   2.883e-05  NAND2_X1
reg_3_U13                      0.0001214    0.000116   0.0002667   2.932e-05  NAND2_X1
mult_294_U220                  0.0001307    0.000111   0.0002665   2.479e-05  OAI22_X1
mult_294_U261                  0.0001481   9.329e-05   0.0002661   2.465e-05  OAI22_X1
mult_293_U37                   0.0001298   7.217e-05    0.000266   6.412e-05  FA_X1
mult_294_U201                  0.0001321   0.0001095   0.0002659   2.426e-05  OAI22_X1
add_303_U1                     0.0001314    9.74e-05   0.0002652   3.639e-05  XOR2_X1
mult_291_U267                  0.0001483   9.222e-05   0.0002648   2.426e-05  OAI22_X1
mult_291_U278                  0.0001642    6.45e-05   0.0002646   3.589e-05  MUX2_X1
mult_294_U263                  0.0001318   0.0001078   0.0002643   2.465e-05  OAI22_X1
mult_291_U228                  0.0001294   0.0001106   0.0002641   2.412e-05  OAI22_X1
mult_293_U267                  9.145e-05   0.0001296   0.0002637   4.262e-05  OAI22_X1
mult_294_U281                   0.000121   0.0001167   0.0002635   2.578e-05  OAI22_X1
mult_291_U281                  0.0001209   0.0001168   0.0002632   2.543e-05  OAI22_X1
mult_294_U267                  0.0001481   9.015e-05   0.0002629   2.465e-05  OAI22_X1
mult_291_U261                  0.0001483   8.982e-05   0.0002624   2.426e-05  OAI22_X1
mult_294_U278                  0.0001691   5.466e-05   0.0002624   3.856e-05  MUX2_X1
mult_293_U205                  0.0001378      0.0001   0.0002621   2.426e-05  OAI22_X1
mult_294_U228                  0.0001291   0.0001077   0.0002616   2.479e-05  OAI22_X1
mult_292_U281                  0.0001163   0.0001197   0.0002612   2.508e-05  OAI22_X1
mult_290_U281                  0.0001175   0.0001193   0.0002601   2.325e-05  OAI22_X1
mult_293_U212                  0.0001753   5.078e-05   0.0002596   3.347e-05  XNOR2_X1
mult_294_U230                  0.0001318   0.0001029   0.0002594   2.465e-05  OAI22_X1
mult_290_U213                  0.0001369   9.842e-05    0.000259   2.374e-05  OAI22_X1
mult_293_U251                  0.0001119   0.0001216   0.0002589   2.543e-05  OAI22_X1
reg_2_U11                      0.0001194   0.0001102   0.0002589   2.927e-05  NAND2_X1
reg_2_U16                      0.0001678   6.392e-05   0.0002588   2.712e-05  OAI21_X1
mult_291_U207                  0.0001293   0.0001053   0.0002587   2.412e-05  OAI22_X1
mult_290_U196                  0.0001772   4.741e-05   0.0002573   3.278e-05  XNOR2_X1
mult_291_U222                   0.000126   0.0001102   0.0002572   2.105e-05  OAI21_X1
mult_294_U222                   0.000126   0.0001098   0.0002568   2.105e-05  OAI21_X1
mult_294_U249                  0.0001208   0.0001097   0.0002564   2.584e-05  OAI22_X1
mult_293_U227                  0.0001246   0.0001075   0.0002556   2.343e-05  OR2_X1
mult_293_U196                  0.0001753    4.59e-05   0.0002546   3.347e-05  XNOR2_X1
mult_292_U251                  0.0001117   0.0001159   0.0002532    2.56e-05  OAI22_X1
mult_293_U281                  0.0001163   0.0001117   0.0002531   2.508e-05  OAI22_X1
out_reg_U13                    0.0001132   0.0001103   0.0002526   2.916e-05  NAND2_X1
mult_294_U251                  0.0001142   0.0001124   0.0002524   2.584e-05  OAI22_X1
mult_290_U261                  0.0001368   9.136e-05   0.0002519   2.374e-05  OAI22_X1
mult_290_U251                  0.0001117   0.0001143   0.0002517   2.567e-05  OAI22_X1
mult_291_U274                  0.0001253   0.0001054   0.0002517   2.105e-05  OAI21_X1
mult_291_U251                  0.0001144   0.0001116   0.0002514   2.543e-05  OAI22_X1
mult_294_U214                  8.203e-05   0.0001303   0.0002502   3.794e-05  XNOR2_X1
mult_294_U232                  8.182e-05   0.0001298   0.0002496   3.794e-05  XNOR2_X1
mult_291_U247                  0.0001077   0.0001153   0.0002484   2.543e-05  OAI22_X1
mult_293_U266                  8.419e-05   0.0001261   0.0002481   3.782e-05  XNOR2_X1
mult_290_U248                  8.418e-05   0.0001255   0.0002475   3.783e-05  XNOR2_X1
mult_292_U202                  8.453e-05   0.0001243   0.0002467   3.783e-05  XNOR2_X1
mult_291_U246                  0.0001076   0.0001134   0.0002465   2.543e-05  OAI22_X1
mult_292_U231                  8.453e-05   0.0001237    0.000246   3.783e-05  XNOR2_X1
mult_290_U266                   8.42e-05   0.0001235   0.0002455   3.783e-05  XNOR2_X1
mult_292_U278                  0.0001533   5.435e-05   0.0002439    3.63e-05  MUX2_X1
mult_290_U231                  8.422e-05   0.0001217   0.0002438   3.783e-05  XNOR2_X1
mult_292_U261                  0.0001352   8.326e-05   0.0002435   2.497e-05  OAI22_X1
mult_293_U167                  7.011e-05   0.0001584   0.0002434    1.49e-05  INV_X1
reg_2_U7                       0.0001112   0.0001028   0.0002433   2.932e-05  NAND2_X1
mult_294_U265                  0.0001316   8.671e-05   0.0002429   2.465e-05  OAI22_X1
mult_292_U266                  8.459e-05     0.00012   0.0002424   3.783e-05  XNOR2_X1
mult_294_U227                  0.0001151   0.0001033   0.0002411   2.273e-05  OR2_X1
mult_294_U268                  8.366e-05   0.0001195   0.0002411   3.794e-05  XNOR2_X1
mult_294_U252                  8.375e-05    0.000117   0.0002387   3.794e-05  XNOR2_X1
mult_294_U247                  0.0001074   0.0001054   0.0002386   2.584e-05  OAI22_X1
mult_294_U219                  8.376e-05   0.0001168   0.0002385   3.794e-05  XNOR2_X1
mult_291_U255                  0.0001055   0.0001074   0.0002382   2.525e-05  OAI22_X1
mult_293_U226                  9.445e-05   0.0001016   0.0002379   4.184e-05  XNOR2_X1
sub_305_U1                     6.067e-05   0.0001627   0.0002374    1.41e-05  INV_X1
mult_291_U227                  0.0001167   9.712e-05   0.0002371   2.327e-05  OR2_X1
reg_2_U13                      0.0001074   0.0001003    0.000237   2.927e-05  NAND2_X1
mult_291_U265                  0.0001317   8.037e-05   0.0002363   2.426e-05  OAI22_X1
mult_294_U282                   8.23e-05   0.0001155   0.0002358   3.794e-05  XNOR2_X1
add_304_U1_7                   0.0001324   2.782e-05   0.0002353   7.505e-05  FA_X1
mult_294_U255                  0.0001051   0.0001039    0.000235   2.602e-05  OAI22_X1
mult_294_U262                  8.261e-05   0.0001132   0.0002338   3.794e-05  XNOR2_X1
mult_292_U262                  7.687e-05   0.0001192   0.0002336   3.748e-05  XNOR2_X1
mult_291_U253                  0.0001053   0.0001028   0.0002335   2.528e-05  OAI22_X1
mult_291_U226                  8.838e-05   0.0001024   0.0002328   4.201e-05  XNOR2_X1
mult_290_U278                  0.0001444   5.005e-05   0.0002328    3.83e-05  MUX2_X1
mult_294_U246                  0.0001073   9.913e-05   0.0002323   2.584e-05  OAI22_X1
mult_294_U210                  8.813e-05   0.0001259   0.0002323   1.824e-05  NOR2_X1
mult_293_U228                  6.519e-05   0.0001243    0.000232   4.256e-05  OAI22_X1
mult_292_U214                  7.689e-05   0.0001175   0.0002319   3.748e-05  XNOR2_X1
mult_294_U264                  8.247e-05   0.0001107   0.0002311   3.794e-05  XNOR2_X1
mult_290_U214                  7.663e-05   0.0001153   0.0002294   3.748e-05  XNOR2_X1
mult_291_U194                  8.818e-05    0.000123   0.0002294   1.824e-05  NOR2_X1
mult_290_U167                  6.709e-05   0.0001484   0.0002294   1.391e-05  INV_X1
mult_290_U262                  7.664e-05   0.0001142   0.0002283   3.748e-05  XNOR2_X1
reg_2_U19                      9.879e-05   9.905e-05   0.0002271   2.927e-05  NAND2_X1
mult_294_U221                  7.997e-05   0.0001088   0.0002267   3.794e-05  XNOR2_X1
mult_294_U253                  0.0001051    9.46e-05   0.0002257   2.599e-05  OAI22_X1
mult_294_U217                  7.443e-05    0.000113   0.0002254   3.794e-05  XNOR2_X1
mult_294_U254                  8.006e-05   0.0001066   0.0002246   3.794e-05  XNOR2_X1
mult_292_U198                  7.701e-05   0.0001099   0.0002244   3.748e-05  XNOR2_X1
mult_293_U262                   7.66e-05   0.0001102   0.0002243   3.748e-05  XNOR2_X1
mult_294_U223                   0.000144     5.4e-05   0.0002239   2.597e-05  OR3_X1
mult_291_U223                   0.000144   5.397e-05   0.0002239   2.597e-05  OR3_X1
mult_293_U19                   9.465e-05   6.439e-05   0.0002237   6.468e-05  FA_X1
mult_293_U263                  6.583e-05   0.0001143   0.0002233   4.321e-05  OAI22_X1
reg_2_U15                      9.874e-05   9.442e-05   0.0002224   2.927e-05  NAND2_X1
reg_3_U15                      9.819e-05   9.489e-05   0.0002224   2.932e-05  NAND2_X1
reg_2_U3                       9.895e-05   9.406e-05   0.0002223   2.927e-05  NAND2_X1
mult_293_U265                   7.84e-05   0.0001009    0.000222   4.265e-05  OAI22_X1
mult_294_U194                  8.831e-05   0.0001153   0.0002219   1.824e-05  NOR2_X1
mult_293_U278                  0.0001387   4.438e-05   0.0002215   3.843e-05  MUX2_X1
mult_294_U229                  8.019e-05   0.0001032   0.0002213   3.794e-05  XNOR2_X1
mult_294_U231                  7.387e-05   0.0001094   0.0002212   3.794e-05  XNOR2_X1
reg_2_U5                       9.871e-05   9.319e-05   0.0002212   2.927e-05  NAND2_X1
reg_3_U4                       0.0001374   5.226e-05   0.0002209   3.123e-05  OAI21_X1
mult_294_U248                    7.4e-05   0.0001059   0.0002178   3.794e-05  XNOR2_X1
mult_291_U245                  7.268e-05   9.764e-05   0.0002177   4.734e-05  XOR2_X1
mult_290_U232                  7.144e-05   0.0001081   0.0002176   3.809e-05  XNOR2_X1
reg_3_U11                      9.807e-05   8.992e-05   0.0002174   2.938e-05  NAND2_X1
reg_2_U17                      0.0001127   8.512e-05   0.0002166   1.884e-05  NAND2_X1
mult_293_U18                   9.234e-05   6.038e-05   0.0002164   6.366e-05  FA_X1
mult_290_U222                   0.000107    8.53e-05   0.0002159   2.361e-05  OAI21_X1
mult_290_U282                  7.146e-05    0.000106   0.0002156   3.809e-05  XNOR2_X1
mult_292_U256                   0.000115   6.521e-05    0.000215   3.483e-05  XNOR2_X1
mult_290_U221                  6.991e-05    0.000107   0.0002149   3.796e-05  XNOR2_X1
mult_292_U200                  7.106e-05   0.0001058   0.0002148   3.799e-05  XNOR2_X1
mult_293_U272                   8.39e-05   6.551e-05   0.0002146   6.524e-05  OAI222_X1
mult_290_U254                  6.991e-05   0.0001064   0.0002143   3.796e-05  XNOR2_X1
mult_292_U229                  7.022e-05    0.000106   0.0002141   3.796e-05  XNOR2_X1
mult_294_U266                  7.415e-05   0.0001016   0.0002137   3.794e-05  XNOR2_X1
mult_292_U36                   0.0001166   4.249e-05   0.0002136   5.448e-05  FA_X1
mult_294_U250                   7.49e-05   0.0001004   0.0002133   3.794e-05  XNOR2_X1
out_reg_U4                     0.0001333   5.345e-05   0.0002132   2.641e-05  OAI21_X1
mult_294_U234                  7.362e-05   0.0001015   0.0002131   3.793e-05  XNOR2_X1
mult_293_U222                  0.0001058   8.444e-05   0.0002131   2.283e-05  OAI21_X1
mult_293_U229                  7.016e-05   0.0001049    0.000213   3.794e-05  XNOR2_X1
mult_292_U232                  7.109e-05   0.0001039    0.000213   3.799e-05  XNOR2_X1
mult_293_U256                   0.000115   6.285e-05   0.0002128   3.495e-05  XNOR2_X1
mult_293_U240                   0.000115   6.218e-05   0.0002122   3.495e-05  XNOR2_X1
mult_294_U269                  7.495e-05   9.922e-05   0.0002121   3.794e-05  XNOR2_X1
mult_290_U264                  7.149e-05   0.0001023   0.0002119   3.809e-05  XNOR2_X1
mult_292_U22                   9.554e-05   5.267e-05   0.0002118   6.359e-05  FA_X1
mult_293_U264                  7.073e-05   0.0001029   0.0002116   3.799e-05  XNOR2_X1
mult_292_U208                  7.026e-05   0.0001028    0.000211   3.796e-05  XNOR2_X1
mult_292_U264                  7.112e-05   0.0001016   0.0002107   3.799e-05  XNOR2_X1
mult_290_U240                  0.0001151   6.061e-05   0.0002105   3.483e-05  XNOR2_X1
mult_294_U256                  7.382e-05   9.825e-05     0.00021   3.793e-05  XNOR2_X1
mult_292_U221                  7.028e-05   0.0001014   0.0002096   3.796e-05  XNOR2_X1
mult_291_U242                  7.377e-05   9.712e-05   0.0002088   3.793e-05  XNOR2_X1
mult_294_U258                  7.385e-05   9.569e-05   0.0002075   3.793e-05  XNOR2_X1
mult_290_U229                  6.997e-05   9.908e-05    0.000207   3.796e-05  XNOR2_X1
mult_293_U259                  5.832e-05   0.0001037   0.0002068   4.484e-05  OAI22_X1
mult_294_U235                  7.397e-05    9.44e-05   0.0002063   3.793e-05  XNOR2_X1
mult_292_U245                  0.0001173   6.386e-05    0.000206   2.489e-05  XOR2_X1
mult_293_U261                  7.102e-05   9.241e-05   0.0002059   4.249e-05  OAI22_X1
mult_292_U272                  7.936e-05   5.998e-05   0.0002058   6.645e-05  OAI222_X1
mult_290_U227                  9.255e-05   8.842e-05   0.0002037   2.275e-05  OR2_X1
mult_292_U273                  6.526e-05   9.678e-05   0.0002026   4.056e-05  AOI222_X1
mult_292_U270                  6.748e-05   6.657e-05   0.0002023   6.829e-05  OAI222_X1
mult_290_U245                  0.0001173   6.015e-05   0.0002023   2.489e-05  XOR2_X1
out_reg_U14                    0.0001293   4.663e-05   0.0002006   2.467e-05  OAI21_X1
mult_294_U212                  8.414e-05   7.725e-05   0.0001993   3.794e-05  XNOR2_X1
mult_294_U273                  6.699e-05    9.18e-05   0.0001958   3.705e-05  AOI222_X1
mult_291_U275                  9.644e-05   6.162e-05   0.0001956    3.75e-05  NAND3_X1
sub_302_U12                    6.929e-05   0.0001094    0.000192   1.331e-05  INV_X1
out_reg_U2                     0.0001202   4.486e-05   0.0001915   2.649e-05  OAI21_X1
mult_293_U194                  6.743e-05   0.0001049   0.0001908    1.85e-05  NOR2_X1
mult_293_U223                   0.000118   4.761e-05   0.0001906   2.497e-05  OR3_X1
mult_290_U223                  0.0001195    4.59e-05     0.00019   2.454e-05  OR3_X1
mult_293_U233                  3.876e-05   0.0001086     0.00019   4.262e-05  OAI22_X1
FE_RC_9_0                      9.651e-05   6.004e-05   0.0001896   3.303e-05  AOI21_X1
in_regs_U6                     0.0001147   4.872e-05   0.0001889   2.543e-05  OAI21_X1
in_regs_U12                    0.0001146   4.698e-05    0.000187   2.543e-05  OAI21_X1
in_regs_U2                     0.0001147   4.694e-05    0.000187   2.543e-05  OAI21_X1
mult_290_U272                  6.543e-05   5.595e-05   0.0001867   6.535e-05  OAI222_X1
mult_290_U210                  6.816e-05   9.923e-05    0.000186   1.861e-05  NOR2_X1
mult_290_U228                  8.232e-05   7.822e-05   0.0001849   2.435e-05  OAI22_X1
in_regs_U4                     0.0001145   4.433e-05   0.0001842   2.543e-05  OAI21_X1
mult_290_U194                  6.815e-05   9.718e-05   0.0001839   1.861e-05  NOR2_X1
mult_292_U228                  8.218e-05   7.692e-05   0.0001835   2.435e-05  OAI22_X1
FE_DBTC0_x_minus_1_1           5.751e-05   0.0001112    0.000183   1.431e-05  INV_X1
FE_RC_11_0                     9.622e-05   5.213e-05   0.0001814   3.303e-05  AOI21_X1
reg_3_U5                       7.482e-05   7.851e-05   0.0001805    2.72e-05  NAND2_X1
sub_305_U4                     4.338e-05   0.0001229   0.0001804    1.41e-05  INV_X1
FE_RC_2_0                      9.627e-05    5.02e-05   0.0001795   3.303e-05  AOI21_X1
mult_292_U19                   6.701e-05   4.477e-05   0.0001793   6.752e-05  FA_X1
FE_RC_1_0                       9.63e-05       5e-05   0.0001792   3.295e-05  AOI21_X1
in_regs_U14                    0.0001084   4.506e-05   0.0001789   2.543e-05  OAI21_X1
FE_RC_5_0                      9.634e-05   4.948e-05   0.0001789   3.303e-05  AOI21_X1
FE_RC_4_0                      9.659e-05   4.885e-05   0.0001784   3.295e-05  AOI21_X1
mult_291_U176                    4.1e-05   0.0001229   0.0001784   1.444e-05  INV_X1
sub_302_U2                     6.735e-05   9.426e-05   0.0001783   1.674e-05  NAND2_X1
mult_294_U260                  8.535e-05   5.425e-05   0.0001775   3.794e-05  XNOR2_X1
add_303_U2                     8.796e-05   6.382e-05   0.0001771   2.537e-05  AND2_X1
mult_294_U176                  4.273e-05   0.0001196   0.0001766   1.427e-05  INV_X1
add_304_U2                     8.984e-05    6.22e-05   0.0001764   2.437e-05  AND2_X1
mult_293_U207                  8.223e-05   6.945e-05   0.0001761    2.44e-05  OAI22_X1
FE_RC_10_0                     8.454e-05    6.83e-05   0.0001749   2.207e-05  OAI21_X1
mult_290_U273                  6.037e-05   7.514e-05   0.0001747    3.92e-05  AOI222_X1
mult_290_U220                  8.307e-05   6.722e-05   0.0001746   2.435e-05  OAI22_X1
mult_293_U22                    6.36e-05   3.354e-05   0.0001729   7.581e-05  FA_X1
mult_290_U207                  8.218e-05   6.582e-05   0.0001726   2.456e-05  OAI22_X1
sub_302_U9                     4.335e-05   0.0001166   0.0001721   1.212e-05  INV_X1
in_regs_U10                    0.0001021   4.377e-05   0.0001713   2.543e-05  OAI21_X1
sub_305_U2                      6.39e-05   8.622e-05   0.0001709   2.082e-05  NAND2_X1
mult_291_U173                  4.603e-05   0.0001104   0.0001709   1.444e-05  INV_X1
mult_291_U171                  4.665e-05   0.0001094   0.0001704   1.431e-05  INV_X1
out_reg_U5                      7.16e-05   6.996e-05   0.0001701   2.855e-05  NAND2_X1
mult_294_U173                   4.77e-05   0.0001073   0.0001695   1.444e-05  INV_X1
sub_302_U6                     4.333e-05   0.0001141   0.0001695   1.208e-05  INV_X1
mult_291_U167                  4.687e-05   0.0001098   0.0001695   1.282e-05  INV_X1
mult_290_U170                   4.71e-05   0.0001067   0.0001683   1.454e-05  INV_X1
reg_3_U16                      0.0001021   4.022e-05   0.0001671   2.476e-05  OAI21_X1
mult_294_U171                  4.661e-05   0.0001056   0.0001666    1.44e-05  INV_X1
in_regs_U8                     0.0001018   3.801e-05   0.0001653   2.543e-05  OAI21_X1
mult_291_U169                  4.617e-05   0.0001061   0.0001651   1.282e-05  INV_X1
sub_302_U1                     4.329e-05   0.0001093   0.0001647   1.212e-05  INV_X1
sub_302_U4                     4.332e-05   0.0001091   0.0001645   1.208e-05  INV_X1
sub_302_U10                    4.328e-05   0.0001089   0.0001643   1.212e-05  INV_X1
mult_292_U171                   4.53e-05   0.0001031   0.0001636   1.521e-05  INV_X1
sub_302_U7                     4.328e-05   0.0001078   0.0001632   1.212e-05  INV_X1
out_reg_U3                     8.117e-05   6.311e-05    0.000163    1.87e-05  NAND2_X1
mult_293_U253                  6.662e-05   6.992e-05   0.0001621   2.558e-05  OAI22_X1
out_reg_U15                    6.838e-05    6.39e-05   0.0001615   2.927e-05  NAND2_X1
mult_292_U226                  5.642e-05   6.238e-05   0.0001607   4.194e-05  XNOR2_X1
in_regs_U16                    9.761e-05   3.744e-05   0.0001605   2.546e-05  OAI21_X1
mult_292_U21                   5.636e-05    4.34e-05   0.0001598   6.003e-05  FA_X1
sub_302_U8                     4.326e-05   0.0001044   0.0001597   1.212e-05  INV_X1
mult_290_U253                  6.653e-05    6.75e-05   0.0001596   2.552e-05  OAI22_X1
in_regs_U3                     7.973e-05   5.871e-05   0.0001588   2.034e-05  NAND2_X1
mult_292_U227                  7.421e-05   6.066e-05   0.0001582   2.333e-05  OR2_X1
mult_292_U170                   4.45e-05   9.951e-05    0.000158   1.396e-05  INV_X1
mult_292_U279                    7.8e-05   4.091e-05    0.000157   3.813e-05  NAND3_X1
mult_290_U171                  4.225e-05   9.912e-05    0.000157   1.559e-05  INV_X1
sub_302_U5                     4.325e-05   0.0001015   0.0001569   1.212e-05  INV_X1
mult_292_U253                  6.648e-05   6.445e-05   0.0001567   2.575e-05  OAI22_X1
mult_293_U170                  4.362e-05   9.771e-05   0.0001544   1.309e-05  INV_X1
mult_291_U279                  8.373e-05   3.711e-05   0.0001541   3.328e-05  NAND3_X1
reg_3_U20                      9.673e-05   3.575e-05   0.0001539   2.143e-05  OAI21_X1
mult_290_U212                  6.535e-05   4.987e-05   0.0001534   3.819e-05  XNOR2_X1
mult_293_U245                  4.118e-05   6.428e-05   0.0001529   4.742e-05  XOR2_X1
mult_291_U170                  4.182e-05   9.614e-05   0.0001523   1.431e-05  INV_X1
mult_293_U260                  6.414e-05    4.92e-05   0.0001515   3.812e-05  XNOR2_X1
mult_292_U212                  6.543e-05   4.751e-05   0.0001511   3.812e-05  XNOR2_X1
in_regs_U13                    6.311e-05    5.86e-05    0.000151   2.932e-05  NAND2_X1
mult_292_U196                  6.543e-05   4.731e-05   0.0001509   3.812e-05  XNOR2_X1
in_regs_U5                     6.264e-05   5.889e-05   0.0001508   2.932e-05  NAND2_X1
mult_290_U260                   6.54e-05    4.71e-05   0.0001507   3.819e-05  XNOR2_X1
mult_293_U273                  5.046e-05   6.723e-05   0.0001505   3.283e-05  AOI222_X1
mult_294_U169                  4.103e-05    9.59e-05   0.0001496   1.272e-05  INV_X1
mult_293_U279                  7.782e-05   3.292e-05   0.0001489   3.813e-05  NAND3_X1
in_regs_U7                     6.268e-05   5.679e-05   0.0001488   2.932e-05  NAND2_X1
mult_294_U167                  4.165e-05   9.428e-05   0.0001486   1.272e-05  INV_X1
mult_292_U260                  6.549e-05   4.498e-05   0.0001486   3.812e-05  XNOR2_X1
mult_294_U170                  4.184e-05   9.224e-05   0.0001484   1.431e-05  INV_X1
mult_293_U171                  3.832e-05   9.041e-05    0.000146   1.723e-05  INV_X1
mult_292_U235                  4.195e-05   6.534e-05   0.0001453   3.797e-05  XNOR2_X1
mult_290_U256                  4.171e-05   6.492e-05   0.0001446   3.797e-05  XNOR2_X1
in_regs_U15                    5.965e-05   5.372e-05   0.0001427   2.932e-05  NAND2_X1
mult_291_U178                  4.826e-05   7.987e-05   0.0001426   1.444e-05  INV_X1
mult_292_U240                    4.2e-05   6.249e-05   0.0001425   3.797e-05  XNOR2_X1
mult_294_U178                  4.893e-05   7.776e-05    0.000141   1.427e-05  INV_X1
mult_293_U169                  3.884e-05   8.904e-05   0.0001408   1.295e-05  INV_X1
reg_3_U17                      5.446e-05   5.642e-05   0.0001403   2.938e-05  NAND2_X1
reg_3_U21                      6.473e-05   5.225e-05   0.0001402   2.322e-05  NAND2_X1
mult_294_U280                  7.962e-05   3.924e-05   0.0001393   2.046e-05  NAND2_X1
mult_290_U235                  4.176e-05   5.929e-05    0.000139   3.797e-05  XNOR2_X1
in_regs_U11                    5.631e-05   5.337e-05    0.000139   2.932e-05  NAND2_X1
mult_293_U235                  4.188e-05   5.895e-05   0.0001388   3.796e-05  XNOR2_X1
in_regs_U9                     5.629e-05   5.235e-05    0.000138   2.932e-05  NAND2_X1
mult_294_U177                   4.14e-05   8.184e-05   0.0001375   1.427e-05  INV_X1
mult_292_U168                  3.518e-05   8.549e-05   0.0001353   1.464e-05  INV_X1
mult_291_U177                  4.151e-05   7.892e-05   0.0001349   1.444e-05  INV_X1
in_regs_U17                    5.403e-05   5.158e-05   0.0001349   2.926e-05  NAND2_X1
mult_294_U174                  4.183e-05   7.804e-05   0.0001343   1.444e-05  INV_X1
mult_291_U280                  7.949e-05    3.35e-05   0.0001338   2.083e-05  NAND2_X1
mult_294_U226                  5.446e-05   4.253e-05   0.0001335   3.653e-05  XNOR2_X1
mult_292_U280                  7.406e-05   3.923e-05   0.0001335   2.023e-05  NAND2_X1
mult_291_U174                  4.174e-05   7.618e-05   0.0001324   1.444e-05  INV_X1
mult_290_U280                  7.574e-05   3.066e-05   0.0001287   2.231e-05  NAND2_X1
mult_290_U185                  5.028e-05   6.416e-05   0.0001273   1.284e-05  INV_X1
mult_293_U185                  5.034e-05   5.806e-05   0.0001212   1.284e-05  INV_X1
mult_292_U187                   5.15e-05   5.577e-05   0.0001201   1.284e-05  INV_X1
sub_302_U3                     4.637e-05   5.474e-05   0.0001154   1.431e-05  INV_X1
reg_3_U18                      6.004e-05   2.263e-05   0.0001075   2.479e-05  OAI21_X1
mult_292_U27                   3.189e-05   1.745e-05   0.0001071    5.78e-05  FA_X1
out_reg_U16                    5.972e-05   2.158e-05   0.0001062   2.486e-05  OAI21_X1
mult_294_U175                   4.46e-05   4.673e-05   0.0001056   1.427e-05  INV_X1
mult_291_U175                  4.445e-05   4.559e-05   0.0001045   1.444e-05  INV_X1
sub_305_U5                     2.599e-05   6.422e-05   0.0001043   1.406e-05  INV_X1
sub_305_U3                     4.051e-05   4.957e-05   0.0001034   1.332e-05  INV_X1
mult_292_U24                   2.805e-05    1.57e-05   9.783e-05   5.408e-05  FA_X1
mult_292_U169                  2.589e-05   5.994e-05   9.748e-05   1.165e-05  INV_X1
mult_290_U169                   2.59e-05   6.023e-05   9.742e-05   1.129e-05  INV_X1
mult_293_U178                  3.175e-05   4.812e-05   9.422e-05   1.435e-05  INV_X1
out_reg_U17                    3.235e-05   3.144e-05   9.294e-05   2.916e-05  NAND2_X1
mult_290_U242                  3.705e-05   2.072e-05   9.272e-05   3.495e-05  XNOR2_X1
mult_290_U237                  3.706e-05   1.987e-05   9.188e-05   3.495e-05  XNOR2_X1
reg_3_U19                       3.26e-05   2.982e-05   9.174e-05   2.932e-05  NAND2_X1
mult_292_U242                  3.705e-05   1.965e-05   9.166e-05   3.495e-05  XNOR2_X1
mult_293_U258                  3.705e-05   1.952e-05   9.163e-05   3.506e-05  XNOR2_X1
mult_292_U258                  3.706e-05   1.945e-05   9.145e-05   3.495e-05  XNOR2_X1
mult_293_U237                  3.705e-05   1.926e-05   9.137e-05   3.506e-05  XNOR2_X1
mult_290_U241                  2.752e-05   3.286e-05   8.429e-05    2.39e-05  AOI22_X1
mult_290_U233                  2.657e-05   3.313e-05   8.417e-05   2.447e-05  OAI22_X1
mult_290_U236                  2.658e-05   3.198e-05   8.301e-05   2.445e-05  OAI22_X1
mult_293_U236                  2.658e-05    3.19e-05   8.276e-05   2.429e-05  OAI22_X1
mult_292_U233                  2.657e-05   3.103e-05   8.207e-05   2.447e-05  OAI22_X1
mult_293_U234                  1.336e-05   3.022e-05   8.153e-05   3.794e-05  XNOR2_X1
sub_305_U12                    2.601e-05   4.066e-05   8.113e-05   1.446e-05  INV_X1
mult_290_U258                  1.335e-05   2.917e-05   8.047e-05   3.796e-05  XNOR2_X1
mult_290_U234                  1.335e-05   2.875e-05   8.005e-05   3.796e-05  XNOR2_X1
FE_OFC0_enable_1               4.852e-06   5.235e-05   7.676e-05   1.956e-05  BUF_X1
mult_290_U255                  2.145e-05   2.455e-05   7.165e-05   2.564e-05  OAI22_X1
mult_293_U242                  1.351e-05   1.978e-05   7.122e-05   3.794e-05  XNOR2_X1
mult_290_U257                  1.748e-05   1.226e-05   7.113e-05   4.138e-05  OAI22_X1
mult_292_U237                  1.356e-05   1.938e-05    7.09e-05   3.796e-05  XNOR2_X1
mult_292_U175                  2.747e-05   2.857e-05   7.042e-05   1.438e-05  INV_X1
mult_292_U234                  1.357e-05   1.875e-05   7.028e-05   3.796e-05  XNOR2_X1
mult_293_U175                  2.741e-05   2.846e-05   7.023e-05   1.436e-05  INV_X1
mult_290_U175                  2.719e-05   2.861e-05   7.019e-05   1.438e-05  INV_X1
mult_293_U255                  2.143e-05   2.241e-05   6.929e-05   2.545e-05  OAI22_X1
mult_292_U255                  2.141e-05   2.187e-05   6.891e-05   2.562e-05  OAI22_X1
mult_290_U193                  1.281e-05   9.721e-06   6.509e-05   4.256e-05  OAI22_X1
mult_291_U19                           0           0   6.464e-05   6.464e-05  FA_X1
FE_RC_3_0                      1.969e-05   1.106e-05   6.374e-05   3.299e-05  AOI21_X1
FE_RC_0_0                      1.969e-05    1.05e-05    6.32e-05   3.301e-05  AOI21_X1
FE_RC_13_0                     1.975e-05   1.045e-05   6.319e-05   3.299e-05  AOI21_X1
FE_RC_7_0                      1.969e-05   1.026e-05   6.296e-05   3.301e-05  AOI21_X1
mult_293_U193                  2.631e-05   1.171e-05   6.267e-05   2.465e-05  OAI22_X1
FE_RC_6_0                      1.966e-05   9.981e-06   6.262e-05   3.299e-05  AOI21_X1
FE_OFC9_rst                    2.799e-06   3.451e-05   6.199e-05   2.468e-05  CLKBUF_X3
FE_OFC8_rst                    2.428e-06   3.327e-05   6.038e-05   2.468e-05  CLKBUF_X3
mult_292_U18                           0           0   6.003e-05   6.003e-05  FA_X1
FE_RC_14_0                     1.707e-05   1.377e-05   5.319e-05   2.235e-05  OAI21_X1
mult_293_U284                          0           0   5.189e-05   5.189e-05  XOR2_X1
mult_294_U181                          0           0   5.189e-05   5.189e-05  XOR2_X1
mult_293_U181                          0           0   5.189e-05   5.189e-05  XOR2_X1
mult_293_U176                  8.381e-06   2.687e-05   4.965e-05    1.44e-05  INV_X1
mult_292_U197                          0           0   4.932e-05   4.932e-05  OAI22_X1
mult_292_U213                          0           0   4.932e-05   4.932e-05  OAI22_X1
mult_292_U195                          0           0   4.825e-05   4.825e-05  OAI22_X1
mult_292_U211                          0           0   4.825e-05   4.825e-05  OAI22_X1
mult_290_U274                          0           0   4.818e-05   4.818e-05  OAI21_X1
mult_294_U274                          0           0   4.818e-05   4.818e-05  OAI21_X1
mult_290_U224                          0           0   4.818e-05   4.818e-05  OAI21_X1
mult_292_U224                          0           0   4.818e-05   4.818e-05  OAI21_X1
mult_292_U222                          0           0   4.818e-05   4.818e-05  OAI21_X1
mult_292_U274                          0           0   4.818e-05   4.818e-05  OAI21_X1
mult_294_U224                          0           0   4.818e-05   4.818e-05  OAI21_X1
mult_292_U215                          0           0   4.773e-05   4.773e-05  OAI22_X1
mult_292_U201                          0           0   4.773e-05   4.773e-05  OAI22_X1
mult_292_U230                          0           0   4.744e-05   4.744e-05  OAI22_X1
mult_292_U199                          0           0   4.744e-05   4.744e-05  OAI22_X1
mult_294_U239                          0           0   4.718e-05   4.718e-05  XNOR2_X1
mult_293_U244                          0           0   4.718e-05   4.718e-05  XNOR2_X1
mult_293_U239                          0           0   4.718e-05   4.718e-05  XNOR2_X1
mult_291_U244                          0           0   4.718e-05   4.718e-05  XNOR2_X1
mult_292_U216                          0           0   4.711e-05   4.711e-05  OAI22_X1
mult_292_U218                          0           0   4.711e-05   4.711e-05  OAI22_X1
mult_292_U205                          0           0   4.711e-05   4.711e-05  OAI22_X1
mult_292_U203                          0           0   4.711e-05   4.711e-05  OAI22_X1
mult_292_U220                          0           0   4.706e-05   4.706e-05  OAI22_X1
mult_292_U207                          0           0   4.706e-05   4.706e-05  OAI22_X1
mult_292_U236                          0           0   4.705e-05   4.705e-05  OAI22_X1
mult_293_U220                          0           0     4.7e-05     4.7e-05  OAI22_X1
mult_291_U218                          0           0   4.695e-05   4.695e-05  OAI22_X1
mult_291_U216                          0           0   4.695e-05   4.695e-05  OAI22_X1
mult_291_U215                          0           0   4.695e-05   4.695e-05  OAI22_X1
mult_291_U213                          0           0   4.695e-05   4.695e-05  OAI22_X1
mult_291_U211                          0           0   4.695e-05   4.695e-05  OAI22_X1
mult_293_U218                          0           0   4.695e-05   4.695e-05  OAI22_X1
mult_293_U216                          0           0   4.695e-05   4.695e-05  OAI22_X1
mult_291_U230                          0           0   4.695e-05   4.695e-05  OAI22_X1
mult_291_U220                          0           0    4.69e-05    4.69e-05  OAI22_X1
mult_292_U32                           0           0   4.672e-05   4.672e-05  HA_X1
mult_292_U35                           0           0   4.672e-05   4.672e-05  HA_X1
mult_292_U39                           0           0   4.672e-05   4.672e-05  HA_X1
mult_293_U35                           0           0   4.672e-05   4.672e-05  HA_X1
mult_291_U35                           0           0   4.672e-05   4.672e-05  HA_X1
mult_293_U230                          0           0   4.669e-05   4.669e-05  OAI22_X1
mult_293_U215                          0           0   4.634e-05   4.634e-05  OAI22_X1
sub_305_U6                     8.668e-06   2.331e-05   4.608e-05    1.41e-05  INV_X1
mult_293_U173                   9.63e-06   2.202e-05   4.605e-05    1.44e-05  INV_X1
mult_293_U211                          0           0   4.593e-05   4.593e-05  OAI22_X1
mult_290_U173                  9.654e-06   2.091e-05   4.492e-05   1.436e-05  INV_X1
mult_293_U213                          0           0   4.486e-05   4.486e-05  OAI22_X1
mult_290_U176                  8.877e-06   2.132e-05   4.454e-05   1.435e-05  INV_X1
sub_305_U10                    8.659e-06   2.167e-05   4.443e-05    1.41e-05  INV_X1
mult_292_U176                  8.375e-06   2.157e-05    4.43e-05   1.436e-05  INV_X1
sub_305_U8                      8.66e-06   2.139e-05   4.416e-05    1.41e-05  INV_X1
sub_305_U7                     8.665e-06   2.118e-05   4.395e-05    1.41e-05  INV_X1
sub_305_U9                     8.663e-06    2.11e-05   4.386e-05    1.41e-05  INV_X1
mult_292_U284                          0           0   4.296e-05   4.296e-05  XOR2_X1
mult_292_U181                          0           0   4.296e-05   4.296e-05  XOR2_X1
mult_291_U284                          0           0   4.296e-05   4.296e-05  XOR2_X1
mult_292_U184                          0           0   4.296e-05   4.296e-05  XOR2_X1
mult_293_U177                   8.54e-06   1.886e-05    4.17e-05   1.431e-05  INV_X1
mult_290_U178                  9.989e-06   1.701e-05   4.134e-05   1.435e-05  INV_X1
mult_292_U178                  9.822e-06   1.669e-05   4.085e-05   1.435e-05  INV_X1
mult_290_U174                  8.463e-06   1.801e-05   4.084e-05   1.436e-05  INV_X1
mult_292_U177                   8.44e-06   1.805e-05   4.083e-05   1.435e-05  INV_X1
FE_RC_15_0                             0           0   4.081e-05   4.081e-05  AOI21_X1
mult_292_U239                          0           0    3.93e-05    3.93e-05  XNOR2_X1
mult_294_U244                          0           0    3.93e-05    3.93e-05  XNOR2_X1
mult_292_U244                          0           0    3.93e-05    3.93e-05  XNOR2_X1
mult_292_U277                          0           0    3.93e-05    3.93e-05  XNOR2_X1
mult_290_U177                  8.623e-06   1.621e-05   3.918e-05   1.435e-05  INV_X1
mult_292_U167                  8.767e-06   1.971e-05   3.897e-05    1.05e-05  INV_X1
mult_293_U174                  8.518e-06   1.556e-05   3.848e-05    1.44e-05  INV_X1
mult_293_U274                          0           0   3.728e-05   3.728e-05  OAI21_X1
mult_293_U276                          0           0   3.721e-05   3.721e-05  NAND2_X1
mult_291_U239                          0           0   3.661e-05   3.661e-05  XNOR2_X1
mult_291_U277                          0           0   3.661e-05   3.661e-05  XNOR2_X1
mult_293_U224                          0           0   3.493e-05   3.493e-05  OAI21_X1
mult_291_U224                          0           0   3.493e-05   3.493e-05  OAI21_X1
FE_OFC7_rst                    1.171e-06   8.847e-06   2.933e-05   1.931e-05  BUF_X1
mult_291_U225                          0           0   2.896e-05   2.896e-05  NAND3_X1
mult_292_U223                          0           0   2.875e-05   2.875e-05  OR3_X1
mult_293_U225                          0           0   2.758e-05   2.758e-05  NAND3_X1
mult_291_U181                          0           0   2.639e-05   2.639e-05  XOR2_X1
mult_290_U183                          0           0   2.639e-05   2.639e-05  XOR2_X1
mult_294_U183                          0           0   2.639e-05   2.639e-05  XOR2_X1
mult_294_U276                          0           0    2.48e-05    2.48e-05  NAND2_X1
mult_290_U276                          0           0    2.48e-05    2.48e-05  NAND2_X1
mult_291_U238                          0           0    2.48e-05    2.48e-05  NAND2_X1
mult_291_U276                          0           0    2.48e-05    2.48e-05  NAND2_X1
mult_291_U210                          0           0   2.419e-05   2.419e-05  NOR2_X1
FE_OFC2_mult_293_n242                  0           0   2.359e-05   2.359e-05  BUF_X1
FE_OFC4_mult_294_n242                  0           0   2.359e-05   2.359e-05  BUF_X1
FE_OFC5_mult_291_n242                  0           0   2.359e-05   2.359e-05  BUF_X1
FE_OFC1_mult_290_n242                  0           0   2.359e-05   2.359e-05  BUF_X1
mult_292_U210                          0           0   2.349e-05   2.349e-05  NOR2_X1
mult_292_U194                          0           0   2.349e-05   2.349e-05  NOR2_X1
mult_293_U210                          0           0   2.349e-05   2.349e-05  NOR2_X1
mult_291_U183                          0           0   2.341e-05   2.341e-05  XOR2_X1
mult_290_U284                          0           0   2.341e-05   2.341e-05  XOR2_X1
mult_294_U284                          0           0   2.341e-05   2.341e-05  XOR2_X1
mult_293_U183                          0           0   2.341e-05   2.341e-05  XOR2_X1
mult_294_U277                          0           0   2.267e-05   2.267e-05  XNOR2_X1
mult_293_U277                          0           0   2.267e-05   2.267e-05  XNOR2_X1
FE_RC_12_0                             0           0   2.095e-05   2.095e-05  OAI21_X1
FE_RC_8_0                              0           0   2.081e-05   2.081e-05  OAI21_X1
FE_RC_16_0                             0           0   2.063e-05   2.063e-05  OAI21_X1
FE_OFC3_mult_292_n242                  0           0   1.928e-05   1.928e-05  BUF_X1
FE_OFC6_mult_292_n254                  0           0   1.928e-05   1.928e-05  BUF_X1
mult_291_U172                          0           0    1.86e-05    1.86e-05  INV_X1
mult_291_U184                          0           0    1.86e-05    1.86e-05  INV_X1
mult_291_U179                          0           0    1.86e-05    1.86e-05  INV_X1
mult_290_U180                          0           0    1.86e-05    1.86e-05  INV_X1
mult_293_U188                          0           0    1.86e-05    1.86e-05  INV_X1
mult_291_U187                          0           0    1.86e-05    1.86e-05  INV_X1
FE_DBTC2_B0_0                          0           0    1.86e-05    1.86e-05  INV_X1
mult_291_U182                          0           0    1.86e-05    1.86e-05  INV_X1
mult_293_U179                          0           0    1.86e-05    1.86e-05  INV_X1
mult_293_U180                          0           0    1.86e-05    1.86e-05  INV_X1
mult_291_U180                          0           0    1.86e-05    1.86e-05  INV_X1
FE_DBTC4_B0_5                          0           0    1.86e-05    1.86e-05  INV_X1
mult_292_U179                          0           0    1.86e-05    1.86e-05  INV_X1
mult_293_U187                          0           0    1.86e-05    1.86e-05  INV_X1
mult_291_U188                          0           0    1.86e-05    1.86e-05  INV_X1
mult_292_U185                          0           0    1.86e-05    1.86e-05  INV_X1
mult_293_U184                          0           0    1.86e-05    1.86e-05  INV_X1
mult_294_U180                          0           0    1.86e-05    1.86e-05  INV_X1
mult_292_U180                          0           0    1.86e-05    1.86e-05  INV_X1
mult_290_U172                          0           0    1.86e-05    1.86e-05  INV_X1
mult_294_U172                          0           0    1.86e-05    1.86e-05  INV_X1
mult_292_U172                          0           0    1.86e-05    1.86e-05  INV_X1
mult_291_U241                          0           0   1.815e-05   1.815e-05  AOI22_X1
mult_293_U241                          0           0   1.804e-05   1.804e-05  AOI22_X1
mult_292_U241                          0           0   1.791e-05   1.791e-05  AOI22_X1
mult_293_U280                          0           0   1.387e-05   1.387e-05  NAND2_X1
mult_293_U172                          0           0    1.01e-05    1.01e-05  INV_X1
FE_DBTC5_B0_7                          0           0    1.01e-05    1.01e-05  INV_X1
mult_290_U179                          0           0    1.01e-05    1.01e-05  INV_X1
FE_DBTC3_B0_3                          0           0    1.01e-05    1.01e-05  INV_X1
mult_293_U182                          0           0    1.01e-05    1.01e-05  INV_X1
mult_292_U174                          0           0    1.01e-05    1.01e-05  INV_X1
mult_292_U173                          0           0    1.01e-05    1.01e-05  INV_X1
mult_294_U179                          0           0    1.01e-05    1.01e-05  INV_X1
mult_292_U183                          0           0    1.01e-05    1.01e-05  INV_X1
mult_292_U182                          0           0    1.01e-05    1.01e-05  INV_X1
mult_292_U188                          0           0    1.01e-05    1.01e-05  INV_X1
mult_292_U238                          0           0   4.085e-06   4.085e-06  NAND2_X1
mult_292_U243                          0           0   4.085e-06   4.085e-06  NAND2_X1
mult_291_U243                          0           0   4.085e-06   4.085e-06  NAND2_X1
mult_293_U283                          0           0   4.085e-06   4.085e-06  NAND2_X1
mult_291_U283                          0           0   4.085e-06   4.085e-06  NAND2_X1
mult_293_U243                          0           0   4.085e-06   4.085e-06  NAND2_X1
mult_292_U283                          0           0   4.085e-06   4.085e-06  NAND2_X1
mult_293_U275                          0           0   3.711e-06   3.711e-06  NAND3_X1
mult_292_U225                          0           0   3.711e-06   3.711e-06  NAND3_X1
mult_292_U276                          0           0   3.483e-06   3.483e-06  NAND2_X1
mult_290_U238                          0           0   3.483e-06   3.483e-06  NAND2_X1
mult_290_U243                          0           0   3.483e-06   3.483e-06  NAND2_X1
mult_290_U283                          0           0   3.483e-06   3.483e-06  NAND2_X1
mult_293_U238                          0           0   3.483e-06   3.483e-06  NAND2_X1
mult_294_U238                          0           0   3.483e-06   3.483e-06  NAND2_X1
mult_294_U243                          0           0   3.483e-06   3.483e-06  NAND2_X1
mult_294_U283                          0           0   3.483e-06   3.483e-06  NAND2_X1
mult_290_U279                          0           0   3.396e-06   3.396e-06  NAND3_X1
mult_294_U279                          0           0    3.16e-06    3.16e-06  NAND3_X1
mult_294_U225                          0           0   2.538e-06   2.538e-06  NAND3_X1
mult_294_U275                          0           0   2.538e-06   2.538e-06  NAND3_X1
mult_292_U275                          0           0   2.377e-06   2.377e-06  NAND3_X1
mult_290_U275                          0           0   2.307e-06   2.307e-06  NAND3_X1
mult_290_U225                          0           0   2.307e-06   2.307e-06  NAND3_X1

---------------------------------------------------------------------------------------

Total (   1033 of   1033  )       0.3134      0.1197     0.4804     0.04728
Total Capacitance                5.464e-12 F
Power Density                   *** No Die Area ***
