*----------------------------------------------------------------------------------------
*	Innovus 17.11-s080_1 (64bit) 08/04/2017 11:13 (Linux 2.6.18-194.el5)
*	
*
* 	Date & Time:	2020-Nov-16 22:11:13 (2020-Nov-16 21:11:13 GMT)
*
*----------------------------------------------------------------------------------------
*
*	Design: filter
*
*	Liberty Libraries used: 
*	        MyAnView: /software/dk/nangate45/liberty/NangateOpenCellLibrary_typical_ecsm_nowlm.lib
*
*	Power Domain used: 
*		Rail:        VDD 	Voltage:        1.1 
*
*       Power View : MyAnView
*
*       User-Defined Activity : N.A.
*
*	Switching Activity File used: 
*	        vcd/filter.vcd
*			Vcd Window used(Start Time, Stop Time):(3.07664e-23, 3.07664e-23) 
*                     Vcd Scale Factor: 1 
**                    Design annotation coverage: 637/637 = 100% 
*
*       Hierarchical Global Activity: N.A.
*
*       Global Activity: N.A.
*
*       Sequential Element Activity: N.A.
*
*       Primary Input Activity: 0.200000
*
*       Default icg ratio: N.A.
*
*       Global Comb ClockGate Ratio: N.A.
*
*	Power Units = 1mW
*
*	Time Units = 1e-09 secs 
*
*       Temperature = 25 
*
*       report_power -outfile PowerReport/filter.rpt -rail_analysis_format VS
*
-----------------------------------------------------------------------------------------
Cell                            Internal   Switching       Total     Leakage   Cell
                                   Power       Power       Power       Power   Name
--------------------------------------------------------------------------------------
mult_93_U5                      0.004523    0.003041     0.00764   7.633e-05  FA_X1
mult_93_U3                      0.004529    0.002643    0.007248   7.566e-05  FA_X1
mult_93_U4                      0.004209    0.002694    0.006978   7.559e-05  FA_X1
mult_93_U6                       0.00397    0.002903    0.006947   7.363e-05  FA_X1
mult_93_U8                      0.003645    0.002866     0.00659   7.889e-05  FA_X1
mult_93_U9                      0.003625    0.002774    0.006466   6.639e-05  FA_X1
mult_93_U7                      0.003577    0.002506    0.006159   7.545e-05  FA_X1
add_97_U1_4                     0.004396     0.00151    0.005982   7.678e-05  FA_X1
add_97_U1_3                     0.004032     0.00141    0.005518   7.591e-05  FA_X1
add_97_U1_5                     0.003855    0.001402    0.005333   7.647e-05  FA_X1
add_97_U1_6                     0.003702    0.001272     0.00505   7.647e-05  FA_X1
mult_93_U25                     0.003011    0.001952     0.00504   7.688e-05  FA_X1
add_97_U1_2                     0.003672    0.001268    0.005015    7.51e-05  FA_X1
add_97_U1_1                     0.003585    0.001296    0.004954   7.296e-05  FA_X1
mult_93_U22                     0.002903    0.001917    0.004896   7.635e-05  FA_X1
mult_93_U29                     0.002838    0.001913    0.004824   7.375e-05  FA_X1
mult_93_U20                     0.002714    0.001806    0.004596   7.586e-05  FA_X1
mult_93_U18                     0.002646    0.001822    0.004544   7.635e-05  FA_X1
mult_93_U32                     0.002652    0.001703    0.004438    8.35e-05  FA_X1
mult_93_U35                     0.002692    0.001667    0.004422   6.295e-05  FA_X1
mult_93_U184                     0.00245    0.001793    0.004277   3.455e-05  XNOR2_X1
mult_93_U23                     0.002292    0.001359    0.003726   7.566e-05  FA_X1
mult_93_U26                     0.002278    0.001335    0.003686    7.27e-05  FA_X1
mult_93_U37                     0.002196    0.001324    0.003599   7.845e-05  FA_X1
mult_93_U17                     0.002263    0.001212     0.00355   7.593e-05  FA_X1
sub_92_U2_8                     0.001333    0.002134    0.003543   7.649e-05  FA_X1
add_97_U1_7                     0.002954   0.0004878    0.003518   7.647e-05  FA_X1
mult_93_U21                      0.00226    0.001147    0.003482   7.559e-05  FA_X1
sub_92_U2_4                     0.001243    0.002155    0.003475   7.649e-05  FA_X1
mult_93_U39                     0.002069    0.001263    0.003408   7.611e-05  FA_X1
mult_93_U36                     0.002027    0.001154    0.003258   7.619e-05  FA_X1
sub_92_U2_3                     0.001168    0.001951    0.003195   7.657e-05  FA_X1
sub_92_U2_5                     0.001192    0.001919    0.003187   7.649e-05  FA_X1
sub_92_U2_2                     0.001092    0.001973    0.003142   7.657e-05  FA_X1
mult_93_U30                     0.001938     0.00106     0.00307   7.218e-05  FA_X1
mult_93_U33                     0.001764    0.001031    0.002871   7.563e-05  FA_X1
mult_93_U185                    0.001781    0.001045    0.002862   3.646e-05  XOR2_X1
mult_93_U31                     0.001579    0.001166    0.002805   6.075e-05  HA_X1
sub_92_U2_6                      0.00108    0.001625    0.002782   7.649e-05  FA_X1
sub_92_U2_7                     0.001021    0.001508    0.002605   7.649e-05  FA_X1
add_97_U2                       0.001896   0.0005435    0.002475   3.643e-05  XOR2_X1
tmpfb_reg_4_                    0.001381    0.000968    0.002437   8.824e-05  DFFR_X1
tmpfb_reg_5_                    0.001345   0.0009964     0.00243   8.824e-05  DFFR_X1
tmpfb_reg_3_                    0.001348    0.000951    0.002388   8.825e-05  DFFR_X1
mult_93_U40                     0.001259    0.001027    0.002349   6.251e-05  HA_X1
mult_93_U38                     0.001374   0.0008641    0.002292   5.391e-05  HA_X1
sub_92_U2_1                     0.001106     0.00101    0.002195   7.846e-05  FA_X1
mult_94_U3                      0.001316    0.000797    0.002189   7.569e-05  FA_X1
tmpDout_reg_0_                   0.00177   0.0002963    0.002154    8.82e-05  DFFR_X1
tmpDout_reg_3_                  0.001795    0.000238    0.002122   8.824e-05  DFFR_X1
tmpDout_reg_1_                  0.001723    0.000241    0.002053   8.818e-05  DFFR_X1
tmpfb_reg_2_                    0.001283   0.0006791     0.00205    8.82e-05  DFFR_X1
tmpDout_reg_2_                   0.00174   0.0002215     0.00205   8.818e-05  DFFR_X1
mult_94_U4                      0.001198   0.0007592    0.002033   7.564e-05  FA_X1
tmpfb_reg_6_                    0.001209   0.0007337    0.002031   8.824e-05  DFFR_X1
mult_94_U5                      0.001134   0.0007441    0.001954   7.638e-05  FA_X1
tmpfb_reg_1_                    0.001345   0.0004543    0.001888   8.852e-05  DFFR_X1
tmpDout_reg_4_                  0.001644   9.867e-05    0.001831   8.824e-05  DFFR_X1
tmpfb_reg_0_                    0.001224   0.0005139    0.001826   8.826e-05  DFFR_X1
tmpDout_reg_5_                  0.001564    9.52e-05    0.001748   8.824e-05  DFFR_X1
mult_94_U7                     0.0009894   0.0006659     0.00173     7.5e-05  FA_X1
mult_93_U204                    0.001223   0.0004365    0.001712   5.164e-05  AOI222_X1
mult_93_U34                     0.001003   0.0005957    0.001665   6.652e-05  HA_X1
mult_93_U203                    0.001153   0.0004546    0.001655   4.728e-05  AOI222_X1
mult_93_U216                    0.001033   0.0005941    0.001652   2.485e-05  XOR2_X1
sub_92_U12                     0.0005339    0.001079    0.001649   3.652e-05  XNOR2_X1
tmpfb_reg_7_                    0.001093    0.000456    0.001637   8.824e-05  DFFR_X1
mult_93_U170                   0.0001873    0.001414    0.001615   1.432e-05  INV_X1
tmpDout_reg_7_                  0.001489   3.349e-05    0.001611   8.824e-05  DFFR_X1
tmpDout_reg_6_                  0.001475   3.323e-05    0.001596   8.824e-05  DFFR_X1
mult_93_U226                   0.0009893   0.0005557    0.001571   2.559e-05  XOR2_X1
mult_93_U175                   0.0002231     0.00133    0.001569   1.632e-05  INV_X1
mult_93_U202                   0.0009808   0.0005286    0.001534   2.488e-05  XOR2_X1
add_97_U1                      0.0008864   0.0006156    0.001527   2.516e-05  AND2_X1
mult_93_U277                   0.0009888   0.0005014    0.001516   2.559e-05  XOR2_X1
mult_94_U6                      0.000836   0.0005877    0.001497   7.369e-05  FA_X1
mult_93_U248                    0.000659   0.0007598    0.001443   2.393e-05  OAI22_X1
mult_93_U252                   0.0009419   0.0004734     0.00144   2.485e-05  XOR2_X1
mult_93_U227                   0.0007227   0.0006906    0.001437   2.388e-05  OAI22_X1
mult_93_U214                   0.0009206   0.0004885    0.001434   2.483e-05  XOR2_X1
mult_93_U251                   0.0006557   0.0007329    0.001414     2.5e-05  OAI22_X1
mult_94_U8                     0.0007927   0.0005239    0.001396   7.926e-05  FA_X1
mult_93_U239                   0.0007568   0.0005813    0.001374   3.611e-05  XNOR2_X1
mult_93_U218                   0.0008525   0.0004506    0.001328   2.485e-05  XOR2_X1
tmpfb_reg_8_                    0.001083   0.0001454    0.001317   8.824e-05  DFFR_X1
mult_94_U9                      0.000771   0.0004698    0.001309   6.841e-05  FA_X1
mult_94_U20                    0.0007418   0.0004876    0.001305   7.583e-05  FA_X1
mult_93_U213                   0.0007162   0.0005467    0.001288   2.505e-05  OAI22_X1
mult_90_U6                     0.0008531   0.0003503    0.001276   7.298e-05  FA_X1
mult_93_U199                   0.0006604   0.0005822    0.001268   2.585e-05  OAI22_X1
mult_93_U197                   0.0006933   0.0005361    0.001261   3.127e-05  OAI22_X1
mult_93_U225                   0.0007048   0.0005261    0.001254   2.311e-05  OAI22_X1
mult_93_U243                    0.000642   0.0005849    0.001251   2.369e-05  OAI22_X1
mult_93_U201                   0.0006409   0.0005691    0.001235   2.523e-05  OAI22_X1
mult_93_U223                   0.0006923   0.0005201     0.00123   1.762e-05  OAI22_X1
mult_93_U188                   0.0006419   0.0005597    0.001225   2.369e-05  OAI22_X1
mult_93_U165                   0.0003934    0.000802     0.00121   1.442e-05  INV_X1
mult_93_U271                    0.000692   0.0004879    0.001197   1.762e-05  OAI22_X1
mult_93_U189                   0.0007201   0.0004527    0.001197   2.388e-05  OAI22_X1
mult_93_U258                   0.0005855     0.00058    0.001191   2.502e-05  OAI22_X1
mult_90_U5                     0.0007918    0.000312    0.001179   7.479e-05  FA_X1
tmpDin_reg_0_                  0.0008908    0.000197    0.001176   8.823e-05  DFFR_X1
mult_90_U4                     0.0007986   0.0003028    0.001176   7.436e-05  FA_X1
mult_90_U10                     0.000622   0.0004836    0.001175   6.927e-05  FA_X1
tmpDin_reg_7_                  0.0008236   0.0002591    0.001171   8.823e-05  DFFR_X1
tmpDin_reg_1_                  0.0008904   0.0001838    0.001162   8.823e-05  DFFR_X1
tmpDin_reg_2_                  0.0008903   0.0001824    0.001161   8.823e-05  DFFR_X1
tmpDin_reg_5_                  0.0008902   0.0001806    0.001159   8.823e-05  DFFR_X1
mult_93_U273                   0.0007034   0.0004198    0.001146   2.311e-05  OAI22_X1
mult_93_U228                    0.000595   0.0005271    0.001146   2.393e-05  OAI22_X1
mult_94_U37                    0.0006463   0.0004026    0.001127    7.82e-05  FA_X1
tmpDin_reg_6_                   0.000861   0.0001775    0.001127   8.823e-05  DFFR_X1
mult_93_U164                   0.0003996   0.0007037    0.001117   1.418e-05  INV_X1
mult_93_U209                    0.000815   0.0002615    0.001115   3.849e-05  MUX2_X1
mult_93_U215                   0.0005921   0.0004841    0.001101     2.5e-05  OAI22_X1
mult_94_U184                   0.0005997   0.0004555     0.00109   3.466e-05  XNOR2_X1
tmpDin_reg_3_                  0.0008314   0.0001658    0.001085   8.823e-05  DFFR_X1
tmpDin_reg_4_                  0.0008314   0.0001646    0.001084   8.823e-05  DFFR_X1
mult_90_U3                     0.0007347   0.0002635    0.001071   7.322e-05  FA_X1
mult_93_U212                   0.0005308   0.0005078    0.001065   2.661e-05  OAI22_X1
mult_93_U266                   0.0005318   0.0005022    0.001059   2.506e-05  OAI22_X1
mult_93_U220                   0.0006759   0.0003505    0.001051   2.485e-05  XOR2_X1
mult_93_U256                   0.0005199   0.0004931    0.001038   2.481e-05  OAI22_X1
mult_93_U272                   0.0007845   0.0002241    0.001033   2.489e-05  XOR2_X1
mult_90_U26                    0.0005681     0.00039    0.001033    7.45e-05  FA_X1
mult_90_U7                     0.0006681   0.0002777    0.001022   7.582e-05  FA_X1
mult_93_U224                    0.000784   0.0002055    0.001014   2.489e-05  XOR2_X1
mult_94_U32                    0.0005576   0.0003666    0.001007   8.234e-05  FA_X1
mult_93_U191                   0.0005936   0.0003859    0.001003   2.393e-05  OAI22_X1
mult_94_U35                    0.0005588   0.0003604   0.0009835   6.436e-05  FA_X1
mult_93_U261                   0.0003775   0.0005632   0.0009787     3.8e-05  XNOR2_X1
mult_93_U229                   0.0003728   0.0005573   0.0009776   4.756e-05  XOR2_X1
mult_93_U192                   0.0003729    0.000554   0.0009744   4.756e-05  XOR2_X1
mult_93_U260                   0.0004821   0.0004591   0.0009663   2.506e-05  OAI22_X1
mult_93_U205                   0.0006852   0.0002387   0.0009618    3.78e-05  AOI222_X1
U48                            0.0006467   0.0002809   0.0009616   3.401e-05  AOI22_X1
mult_90_U8                     0.0006071   0.0002703    0.000945   6.759e-05  FA_X1
mult_93_U247                   0.0003534   0.0005341   0.0009349   4.748e-05  XOR2_X1
U56                            0.0006229   0.0002681    0.000929   3.801e-05  AOI22_X1
mult_93_U235                   0.0004653   0.0004386    0.000925    2.11e-05  OAI21_X1
mult_94_U40                    0.0004787    0.000375   0.0009159   6.225e-05  HA_X1
mult_93_U200                   0.0003443   0.0005255   0.0009152   4.537e-05  XOR2_X1
mult_93_U257                   0.0003583   0.0005181   0.0009144   3.797e-05  XNOR2_X1
U44                            0.0006134   0.0002559   0.0009028   3.354e-05  AOI22_X1
mult_93_U255                    0.000572   0.0003059   0.0009027   2.485e-05  XOR2_X1
mult_93_U274                   0.0003539   0.0004948   0.0008963   4.748e-05  XOR2_X1
mult_93_U230                   0.0004716   0.0003951   0.0008906   2.393e-05  OAI22_X1
mult_93_U193                   0.0004717   0.0003933   0.0008889   2.393e-05  OAI22_X1
mult_94_U25                    0.0004908   0.0003173   0.0008848   7.676e-05  FA_X1
mult_93_U244                   0.0003321    0.000503   0.0008827   4.765e-05  XOR2_X1
mult_93_U217                   0.0004695   0.0003861   0.0008807     2.5e-05  OAI22_X1
mult_94_U185                   0.0005342   0.0003048   0.0008753   3.637e-05  XOR2_X1
U42                            0.0005938   0.0002446   0.0008725   3.401e-05  AOI22_X1
mult_94_U26                    0.0005054   0.0002939   0.0008722   7.292e-05  FA_X1
mult_93_U249                   0.0003468    0.000471   0.0008653   4.756e-05  XOR2_X1
mult_93_U259                   0.0003366   0.0004894    0.000864   3.802e-05  XNOR2_X1
U46                            0.0005787   0.0002509   0.0008639   3.418e-05  AOI22_X1
mult_90_U9                     0.0005776   0.0002211   0.0008627   6.403e-05  FA_X1
mult_93_U270                   0.0003511   0.0004733   0.0008624     3.8e-05  XNOR2_X1
mult_93_U190                   0.0003325   0.0004731   0.0008533   4.765e-05  XOR2_X1
mult_94_U18                    0.0004617   0.0003104   0.0008483   7.617e-05  FA_X1
mult_93_U263                   0.0003121   0.0004788   0.0008289     3.8e-05  XNOR2_X1
mult_93_U240                   0.0004244    0.000376    0.000823   2.263e-05  OR2_X1
mult_93_U222                   0.0003013   0.0005023   0.0008219   1.825e-05  NOR2_X1
mult_90_U38                    0.0005089   0.0002338   0.0008195   7.677e-05  FA_X1
mult_93_U194                   0.0003087   0.0004525   0.0008088   4.756e-05  XOR2_X1
mult_93_U196                   0.0003014   0.0004849   0.0008045   1.825e-05  NOR2_X1
U50                            0.0005333   0.0002325   0.0007998   3.401e-05  AOI22_X1
mult_93_U169                    0.000217   0.0005596   0.0007911   1.448e-05  INV_X1
mult_93_U262                   0.0003825   0.0003805   0.0007881   2.506e-05  OAI22_X1
mult_90_U23                    0.0004322   0.0002832   0.0007859   7.045e-05  FA_X1
FE_RC_8_0                       0.000494   0.0002586   0.0007855   3.293e-05  AOI21_X1
mult_93_U231                   0.0003091   0.0004279   0.0007846   4.756e-05  XOR2_X1
mult_93_U171                   0.0002337   0.0005317   0.0007796   1.422e-05  INV_X1
FE_RC_7_0                      0.0004876   0.0002547   0.0007753   3.305e-05  AOI21_X1
mult_93_U236                   0.0005334   0.0002134   0.0007727   2.594e-05  OR3_X1
FE_RC_9_0                      0.0004937   0.0002456   0.0007723   3.305e-05  AOI21_X1
mult_93_U232                   0.0003989    0.000343   0.0007659   2.393e-05  OAI22_X1
U40                            0.0005137   0.0002089   0.0007566   3.401e-05  AOI22_X1
tmprvin_reg                    0.0006427   2.004e-05   0.0007532   9.046e-05  DFFR_X1
mult_93_U219                   0.0003971   0.0003295   0.0007516     2.5e-05  OAI22_X1
mult_94_U39                    0.0004143   0.0002541    0.000745   7.654e-05  FA_X1
FE_DBTC1_tmpfb_0               4.187e-05   0.0006865    0.000743   1.468e-05  INV_X1
mult_93_U168                   0.0002206      0.0005    0.000737   1.641e-05  INV_X1
tmprv_out_reg                  0.0006421   4.145e-06   0.0007367   9.046e-05  DFFR_X1
mult_93_U186                   0.0003114   0.0003824   0.0007361   4.234e-05  OAI22_X1
mult_93_U241                   0.0003987   0.0003134    0.000736   2.393e-05  OAI22_X1
mult_90_U30                    0.0003958   0.0002646   0.0007327   7.229e-05  FA_X1
mult_90_U27                    0.0004053   0.0002329   0.0007095   7.136e-05  FA_X1
mult_93_U187                   0.0004263   0.0002383   0.0007027   3.809e-05  XOR2_X1
mult_90_U40                    0.0004208   0.0002023   0.0006999    7.67e-05  FA_X1
mult_94_U29                    0.0003644   0.0002389   0.0006758   7.256e-05  FA_X1
mult_93_U166                   0.0002141   0.0004367   0.0006676   1.673e-05  INV_X1
mult_93_U174                    0.000244   0.0003927   0.0006512   1.448e-05  INV_X1
mult_90_U36                    0.0004032   0.0001811   0.0006495   6.513e-05  FA_X1
mult_93_U234                   0.0002455   0.0003528   0.0006459   4.756e-05  XOR2_X1
mult_93_U242                   0.0002456   0.0003517   0.0006448   4.756e-05  XOR2_X1
mult_93_U264                   0.0003231   0.0002942   0.0006423   2.506e-05  OAI22_X1
U52                            0.0004229   0.0001843   0.0006412   3.401e-05  AOI22_X1
mult_90_U34                    0.0003362   0.0002253   0.0006364   7.494e-05  FA_X1
mult_94_U38                    0.0003624   0.0002164   0.0006342    5.54e-05  HA_X1
mult_93_U265                   0.0002488   0.0003472   0.0006339     3.8e-05  XNOR2_X1
mult_93_U172                   0.0002092    0.000386   0.0006094   1.422e-05  INV_X1
mult_94_U23                    0.0003329   0.0001962   0.0006048   7.569e-05  FA_X1
mult_93_U173                   0.0002091   0.0003797   0.0006033   1.448e-05  INV_X1
mult_94_U204                     0.00039   0.0001566   0.0005981   5.139e-05  AOI222_X1
mult_94_U36                    0.0003168   0.0001847   0.0005784   7.698e-05  FA_X1
mult_90_U270                   0.0003015   0.0002164   0.0005608   4.289e-05  OAI222_X1
mult_93_U233                   0.0002111    0.000303    0.000552     3.8e-05  XNOR2_X1
mult_93_U250                   0.0002087   0.0002936   0.0005499   4.756e-05  XOR2_X1
U54                            0.0003579   0.0001563   0.0005483   3.401e-05  AOI22_X1
mult_93_U267                   0.0002112   0.0002981   0.0005473     3.8e-05  XNOR2_X1
mult_90_U189                   0.0003996   0.0001129    0.000544   3.151e-05  XNOR2_X1
mult_93_U198                   0.0002828   0.0002105   0.0005408   4.746e-05  XOR2_X1
mult_93_U210                   0.0003651   0.0001517   0.0005376   2.085e-05  NAND2_X1
mult_94_U22                    0.0002695   0.0001832   0.0005291   7.634e-05  FA_X1
mult_94_U31                    0.0002667    0.000193   0.0005206   6.081e-05  HA_X1
mult_90_U24                    0.0002919   0.0001644   0.0005198   6.347e-05  FA_X1
sub_92_U9                      0.0001405   0.0003411   0.0004957   1.408e-05  INV_X1
mult_94_U203                   0.0003167   0.0001242    0.000488   4.708e-05  AOI222_X1
mult_90_U32                    0.0002812    0.000146   0.0004872   5.997e-05  HA_X1
mult_90_U21                    0.0002528   0.0001763   0.0004853    5.62e-05  FA_X1
mult_93_U167                   0.0001523   0.0003131    0.000483   1.749e-05  INV_X1
mult_90_U271                   0.0002515   0.0001783   0.0004821   5.224e-05  AOI222_X1
U47                            0.0002429   0.0002176   0.0004747   1.422e-05  INV_X1
mult_90_U219                   0.0002833    0.000151   0.0004689   3.466e-05  XNOR2_X1
mult_90_U252                   0.0002833   0.0001475   0.0004655   3.466e-05  XNOR2_X1
mult_90_U206                   0.0002834   0.0001437   0.0004617   3.466e-05  XNOR2_X1
mult_94_U218                   0.0002858    0.000149   0.0004596   2.487e-05  XOR2_X1
mult_90_U268                   0.0002834   0.0001411   0.0004592   3.466e-05  XNOR2_X1
mult_94_U216                   0.0002817   0.0001521   0.0004586   2.487e-05  XOR2_X1
mult_90_U217                   0.0002791   0.0001447   0.0004584   3.466e-05  XNOR2_X1
mult_90_U250                   0.0002791   0.0001436   0.0004573   3.466e-05  XNOR2_X1
mult_90_U269                   0.0002791   0.0001431   0.0004569   3.466e-05  XNOR2_X1
mult_90_U204                   0.0002791   0.0001427   0.0004564   3.466e-05  XNOR2_X1
mult_93_U206                   0.0002411   0.0001775   0.0004551   3.647e-05  AOI222_X1
mult_90_U231                   0.0002712   0.0001431   0.0004487   3.443e-05  XNOR2_X1
mult_90_U31                    0.0002357   0.0001408   0.0004474   7.086e-05  FA_X1
mult_94_U30                    0.0002355   0.0001396   0.0004471   7.195e-05  FA_X1
mult_90_U266                   0.0002712   0.0001404    0.000446   3.443e-05  XNOR2_X1
mult_90_U248                   0.0002712   0.0001398   0.0004455   3.443e-05  XNOR2_X1
mult_90_U202                   0.0002713   0.0001337   0.0004395   3.443e-05  XNOR2_X1
sub_92_U10                     0.0001228   0.0003004   0.0004373   1.408e-05  INV_X1
mult_94_U214                   0.0002735   0.0001381   0.0004364   2.484e-05  XOR2_X1
U43                            0.0002305   0.0001874   0.0004326    1.47e-05  INV_X1
sub_92_U5                      0.0001097   0.0003075   0.0004312   1.408e-05  INV_X1
U55                             0.000229   0.0001873   0.0004291   1.279e-05  INV_X1
mult_90_U37                    0.0002274   0.0001335   0.0004252   6.434e-05  FA_X1
mult_94_U33                     0.000217   0.0001305   0.0004231    7.56e-05  FA_X1
mult_94_U239                    0.000216   0.0001668    0.000419   3.618e-05  XNOR2_X1
U41                            0.0002231   0.0001762   0.0004135   1.422e-05  INV_X1
U45                            0.0002178   0.0001767   0.0004086   1.414e-05  INV_X1
mult_90_U33                    0.0002024   0.0001437   0.0004056   5.949e-05  FA_X1
sub_92_U3                      0.0001131   0.0002764   0.0004036   1.408e-05  INV_X1
mult_94_U172                    0.000129   0.0002568   0.0004002   1.446e-05  INV_X1
mult_94_U227                   0.0001948   0.0001767   0.0003955   2.404e-05  OAI22_X1
FE_DBTC0_tmpfb_1               4.262e-05   0.0003337   0.0003923   1.591e-05  INV_X1
sub_92_U7                      0.0001097   0.0002616   0.0003854   1.408e-05  INV_X1
mult_94_U228                   0.0001972   0.0001641   0.0003853   2.408e-05  OAI22_X1
mult_90_U203                   0.0001965   0.0001637   0.0003851   2.484e-05  OAI22_X1
U49                            0.0002007   0.0001677   0.0003826   1.422e-05  INV_X1
mult_90_U263                   0.0001897   0.0001664   0.0003809   2.483e-05  OAI22_X1
mult_94_U21                    0.0001977   0.0001072   0.0003805   7.564e-05  FA_X1
mult_94_U17                    0.0001976   0.0001059   0.0003795   7.588e-05  FA_X1
mult_94_U215                   0.0001965   0.0001571   0.0003784   2.484e-05  OAI22_X1
mult_94_U188                   0.0001875   0.0001652   0.0003768   2.406e-05  OAI22_X1
mult_94_U243                   0.0001874   0.0001623   0.0003738   2.406e-05  OAI22_X1
mult_90_U22                    0.0001973   0.0001008   0.0003735   7.536e-05  FA_X1
mult_90_U190                   0.0001473   0.0001776   0.0003726   4.771e-05  XOR2_X1
mult_90_U199                   0.0001895   0.0001569   0.0003713   2.483e-05  OAI22_X1
mult_90_U273                   0.0001868   0.0001409   0.0003705   4.276e-05  AOI222_X1
mult_94_U201                   0.0001896    0.000155   0.0003694   2.483e-05  OAI22_X1
sub_92_U8                      9.728e-05   0.0002539   0.0003652   1.408e-05  INV_X1
mult_90_U247                   0.0001577   0.0001787   0.0003624   2.609e-05  OAI22_X1
mult_90_U201                   0.0001932   0.0001434   0.0003615   2.489e-05  OAI22_X1
mult_94_U213                   0.0001934   0.0001421   0.0003603   2.489e-05  OAI22_X1
mult_90_U249                   0.0001601   0.0001677   0.0003538   2.604e-05  OAI22_X1
U39                            0.0001868   0.0001528   0.0003535   1.398e-05  INV_X1
mult_94_U34                      0.00019    9.81e-05   0.0003533   6.524e-05  HA_X1
mult_90_U267                    0.000196   0.0001268   0.0003477   2.484e-05  OAI22_X1
sub_92_U2                      9.572e-05   0.0002377   0.0003475   1.408e-05  INV_X1
mult_90_U41                    0.0001793   0.0001069   0.0003465   6.027e-05  HA_X1
mult_90_U232                   0.0002004   0.0001096   0.0003459   3.593e-05  XNOR2_X1
mult_94_U189                   0.0001942   0.0001252   0.0003435   2.404e-05  OAI22_X1
mult_90_U282                   0.0002004   0.0001069   0.0003432   3.593e-05  XNOR2_X1
mult_90_U200                   0.0002004   0.0001057   0.0003421   3.593e-05  XNOR2_X1
sub_92_U11                     9.542e-05   0.0002321   0.0003416   1.408e-05  INV_X1
sub_92_U1                      0.0001295   0.0001975   0.0003414   1.441e-05  INV_X1
mult_90_U221                   0.0001997   0.0001043   0.0003387   3.466e-05  XNOR2_X1
mult_90_U264                   0.0002005   0.0001009   0.0003374   3.593e-05  XNOR2_X1
mult_90_U265                   0.0001929   0.0001195   0.0003373   2.489e-05  OAI22_X1
mult_94_U258                   0.0001586   0.0001535   0.0003373   2.519e-05  OAI22_X1
mult_90_U229                   0.0001997   0.0001025   0.0003369   3.466e-05  XNOR2_X1
mult_94_U191                   0.0001967    0.000116   0.0003367   2.408e-05  OAI22_X1
mult_90_U254                   0.0001998    0.000102   0.0003364   3.466e-05  XNOR2_X1
mult_90_U208                   0.0001998   0.0001004   0.0003348   3.466e-05  XNOR2_X1
mult_94_U202                   0.0002024   0.0001073   0.0003348   2.502e-05  XOR2_X1
mult_94_U260                   0.0001609   0.0001479    0.000334   2.523e-05  OAI22_X1
mult_90_U246                   0.0001546   0.0001531   0.0003337   2.605e-05  OAI22_X1
mult_94_U220                   0.0002011   0.0001061   0.0003321   2.487e-05  XOR2_X1
mult_94_U263                   0.0001109   0.0001819   0.0003308   3.799e-05  XNOR2_X1
mult_94_U170                   0.0001101   0.0002038   0.0003282   1.422e-05  INV_X1
mult_94_U256                   0.0001524   0.0001458   0.0003234   2.519e-05  OAI22_X1
mult_90_U39                    0.0001691   9.449e-05    0.000319    5.54e-05  HA_X1
sub_92_U4                      0.0001229    0.000176   0.0003164   1.752e-05  NAND2_X1
mult_90_U214                   0.0001846   0.0001004   0.0003155   3.043e-05  XNOR2_X1
mult_94_U226                   0.0001881    0.000102   0.0003155   2.545e-05  XOR2_X1
mult_90_U262                   0.0001846   9.842e-05   0.0003135   3.043e-05  XNOR2_X1
mult_90_U198                   0.0001847   9.563e-05   0.0003107   3.043e-05  XNOR2_X1
mult_94_U277                    0.000188   9.689e-05   0.0003103   2.545e-05  XOR2_X1
mult_94_U231                   0.0001105   0.0001483   0.0003063   4.752e-05  XOR2_X1
mult_94_U194                   0.0001105   0.0001469   0.0003049   4.752e-05  XOR2_X1
mult_94_U229                   0.0001085   0.0001486   0.0003046   4.752e-05  XOR2_X1
mult_94_U244                   0.0001055   0.0001498   0.0003029   4.761e-05  XOR2_X1
U51                            0.0001596   0.0001265   0.0003004   1.422e-05  INV_X1
mult_90_U272                   0.0001318   0.0001047   0.0003001   6.361e-05  OAI222_X1
mult_94_U205                   0.0001924   7.063e-05   0.0002999   3.683e-05  AOI222_X1
mult_94_U261                   0.0001102   0.0001496   0.0002978   3.799e-05  XNOR2_X1
mult_94_U192                   0.0001088   0.0001407    0.000297   4.752e-05  XOR2_X1
mult_94_U209                   0.0001898   6.563e-05   0.0002943   3.891e-05  MUX2_X1
mult_94_U259                   0.0001072   0.0001479   0.0002931   3.801e-05  XNOR2_X1
mult_94_U190                   0.0001058   0.0001396    0.000293   4.761e-05  XOR2_X1
mult_90_U192                   0.0001381   0.0001279   0.0002909   2.484e-05  OAI22_X1
mult_90_U278                   0.0001871   6.673e-05   0.0002908   3.702e-05  MUX2_X1
mult_94_U230                   0.0001385   0.0001159   0.0002785   2.408e-05  OAI22_X1
mult_90_U205                    0.000138   0.0001155   0.0002783   2.484e-05  OAI22_X1
mult_94_U193                   0.0001385   0.0001144   0.0002769   2.408e-05  OAI22_X1
mult_90_U168                   8.014e-05   0.0001793    0.000274   1.452e-05  INV_X1
mult_94_U199                   0.0001359   0.0001083   0.0002682   2.406e-05  OAI22_X1
mult_90_U197                   0.0001358   0.0001082   0.0002681   2.406e-05  OAI22_X1
mult_94_U217                   0.0001379   0.0001029   0.0002657   2.484e-05  OAI22_X1
mult_90_U212                    0.000184   4.772e-05   0.0002656   3.397e-05  XNOR2_X1
mult_90_U260                   0.0001839   4.752e-05   0.0002654   3.397e-05  XNOR2_X1
mult_94_U225                   0.0001431   9.772e-05   0.0002654   2.461e-05  OAI22_X1
mult_90_U196                   0.0001839   4.681e-05   0.0002647   3.397e-05  XNOR2_X1
mult_94_U272                   0.0001873   4.878e-05   0.0002611   2.502e-05  XOR2_X1
mult_94_U224                   0.0001873   4.789e-05   0.0002602   2.502e-05  XOR2_X1
mult_90_U195                   0.0001303   9.898e-05   0.0002595   3.022e-05  OAI22_X1
mult_94_U197                   0.0001307   9.759e-05   0.0002585   3.022e-05  OAI22_X1
mult_90_U251                   0.0001125   0.0001179   0.0002565   2.604e-05  OAI22_X1
U53                            0.0001353   0.0001065    0.000256   1.422e-05  INV_X1
mult_94_U273                   0.0001429   8.238e-05   0.0002499   2.461e-05  OAI22_X1
mult_90_U167                   7.177e-05   0.0001637   0.0002497   1.422e-05  INV_X1
mult_90_U259                   0.0001302    8.91e-05   0.0002495   3.022e-05  OAI22_X1
mult_90_U261                   0.0001355   8.779e-05   0.0002474   2.406e-05  OAI22_X1
mult_94_U223                   0.0001321   9.621e-05   0.0002473   1.893e-05  OAI22_X1
mult_94_U262                   0.0001129   0.0001088   0.0002469   2.523e-05  OAI22_X1
mult_94_U247                   7.731e-05   0.0001186    0.000243   4.706e-05  XOR2_X1
mult_94_U240                   0.0001158   0.0001036   0.0002421   2.264e-05  OR2_X1
mult_94_U212                     0.00011   0.0001038   0.0002418   2.802e-05  OAI22_X1
mult_94_U271                   0.0001321   9.046e-05   0.0002415   1.893e-05  OAI22_X1
mult_90_U281                   0.0001099   0.0001036   0.0002386   2.514e-05  OAI22_X1
mult_90_U19                    9.788e-05   6.896e-05   0.0002316    6.48e-05  FA_X1
mult_94_U274                   7.772e-05   0.0001049   0.0002297   4.706e-05  XOR2_X1
mult_94_U242                   7.872e-05   0.0001032   0.0002295   4.752e-05  XOR2_X1
mult_94_U257                   7.869e-05   0.0001119   0.0002285   3.785e-05  XNOR2_X1
mult_94_U234                   7.877e-05   0.0001018   0.0002281   4.752e-05  XOR2_X1
mult_90_U222                   0.0001099   9.519e-05   0.0002274   2.227e-05  OAI21_X1
mult_94_U235                   0.0001097   9.439e-05   0.0002264   2.227e-05  OAI21_X1
mult_94_U265                   7.983e-05   0.0001072    0.000225   3.799e-05  XNOR2_X1
mult_90_U274                   0.0001094   9.228e-05   0.0002239   2.227e-05  OAI21_X1
mult_90_U18                     9.28e-05   6.255e-05   0.0002188   6.347e-05  FA_X1
mult_90_U256                   0.0001194   6.123e-05   0.0002152   3.466e-05  XNOR2_X1
mult_94_U173                   6.386e-05   0.0001343   0.0002149   1.673e-05  INV_X1
mult_90_U235                   0.0001194   6.013e-05   0.0002142   3.466e-05  XNOR2_X1
mult_90_U240                   0.0001194   6.003e-05   0.0002141   3.466e-05  XNOR2_X1
mult_94_U164                   6.275e-05   0.0001307   0.0002109   1.749e-05  INV_X1
mult_94_U200                   6.627e-05   9.758e-05   0.0002096   4.579e-05  XOR2_X1
mult_94_U196                   7.844e-05   0.0001107   0.0002075   1.842e-05  NOR2_X1
mult_94_U206                    0.000103   6.619e-05   0.0002074   3.825e-05  AOI222_X1
mult_94_U255                     0.00012   5.925e-05   0.0002041   2.487e-05  XOR2_X1
mult_94_U236                   0.0001249   5.038e-05   0.0002005   2.529e-05  OR3_X1
mult_94_U222                    7.86e-05    0.000102   0.0001991   1.842e-05  NOR2_X1
mult_90_U223                   0.0001248   4.887e-05    0.000199   2.529e-05  OR3_X1
mult_90_U171                    5.34e-05    0.000125   0.0001943   1.587e-05  INV_X1
mult_90_U194                   7.873e-05   9.513e-05   0.0001923   1.842e-05  NOR2_X1
mult_90_U228                   8.242e-05   8.293e-05   0.0001902   2.484e-05  OAI22_X1
mult_90_U170                   5.403e-05   0.0001199   0.0001878   1.384e-05  INV_X1
U59                            0.0001013   5.832e-05   0.0001866   2.699e-05  AOI22_X1
mult_94_U165                   5.165e-05   0.0001155   0.0001836   1.641e-05  INV_X1
U63                            8.399e-05    6.01e-05   0.0001799   3.584e-05  AOI22_X1
mult_94_U219                   8.231e-05   7.219e-05   0.0001793   2.484e-05  OAI22_X1
U65                            8.397e-05   5.939e-05   0.0001792   3.584e-05  AOI22_X1
mult_94_U198                   7.514e-05   5.593e-05   0.0001782   4.708e-05  XOR2_X1
mult_90_U207                   8.226e-05   7.044e-05   0.0001775   2.484e-05  OAI22_X1
mult_94_U232                   8.252e-05   7.068e-05   0.0001773   2.408e-05  OAI22_X1
U71                            8.385e-05   5.704e-05   0.0001767   3.584e-05  AOI22_X1
mult_90_U275                   8.548e-05   5.275e-05   0.0001741   3.585e-05  NAND3_X1
U73                            7.929e-05   5.698e-05   0.0001721   3.584e-05  AOI22_X1
mult_94_U241                   8.246e-05   6.378e-05   0.0001703   2.408e-05  OAI22_X1
U69                            7.477e-05   5.287e-05   0.0001635   3.584e-05  AOI22_X1
U67                            7.476e-05   5.231e-05   0.0001629   3.584e-05  AOI22_X1
U61                            7.326e-05   5.197e-05   0.0001611   3.584e-05  AOI22_X1
mult_90_U226                   5.682e-05   6.103e-05   0.0001596   4.178e-05  XNOR2_X1
mult_90_U227                   7.463e-05   6.031e-05   0.0001584   2.349e-05  OR2_X1
mult_90_U245                   4.733e-05   6.196e-05   0.0001568   4.752e-05  XOR2_X1
mult_90_U253                   6.702e-05   6.293e-05    0.000156   2.604e-05  OAI22_X1
mult_94_U250                   4.739e-05   6.026e-05   0.0001552   4.752e-05  XOR2_X1
mult_94_U264                   6.726e-05   6.206e-05   0.0001546   2.523e-05  OAI22_X1
mult_94_U233                   4.814e-05   6.114e-05   0.0001473   3.799e-05  XNOR2_X1
mult_94_U267                   4.818e-05    6.03e-05   0.0001465   3.799e-05  XNOR2_X1
mult_90_U279                   7.549e-05   3.112e-05   0.0001346   2.794e-05  NAND3_X1
mult_90_U280                   7.376e-05   3.239e-05   0.0001282   2.201e-05  NAND2_X1
mult_94_U210                    7.46e-05   3.369e-05   0.0001276   1.928e-05  NAND2_X1
sub_92_U6                      4.712e-05   5.226e-05   0.0001137   1.433e-05  INV_X1
U58                            5.008e-05   4.356e-05    0.000108   1.434e-05  INV_X1
U70                            5.002e-05   4.183e-05   0.0001062   1.434e-05  INV_X1
U62                            5.018e-05   3.958e-05   0.0001041   1.434e-05  INV_X1
U64                            5.014e-05   3.933e-05   0.0001038   1.434e-05  INV_X1
U72                            4.742e-05   3.964e-05   0.0001014   1.434e-05  INV_X1
U68                            4.464e-05   3.622e-05    9.52e-05   1.434e-05  INV_X1
U60                            4.375e-05   3.708e-05   9.517e-05   1.434e-05  INV_X1
U66                            4.463e-05   3.481e-05   9.377e-05   1.434e-05  INV_X1
mult_90_U258                   3.852e-05   1.932e-05    9.25e-05   3.466e-05  XNOR2_X1
mult_90_U237                   3.852e-05   1.928e-05   9.246e-05   3.466e-05  XNOR2_X1
mult_90_U234                   3.852e-05   1.914e-05   9.232e-05   3.466e-05  XNOR2_X1
mult_90_U233                   2.664e-05   3.705e-05   8.852e-05   2.484e-05  OAI22_X1
mult_90_U236                   2.661e-05   3.264e-05   8.409e-05   2.484e-05  OAI22_X1
mult_94_U248                   2.669e-05   3.303e-05   8.381e-05   2.408e-05  OAI22_X1
mult_90_U169                    2.21e-05   4.995e-05   8.333e-05   1.128e-05  INV_X1
mult_94_U249                   1.532e-05   1.966e-05    8.25e-05   4.752e-05  XOR2_X1
mult_94_U252                   3.865e-05   1.892e-05   8.244e-05   2.487e-05  XOR2_X1
mult_94_U251                   2.659e-05   3.034e-05   8.177e-05   2.484e-05  OAI22_X1
mult_90_U242                   1.549e-05   2.187e-05   7.535e-05   3.799e-05  XNOR2_X1
mult_94_U270                   1.559e-05   1.959e-05   7.317e-05   3.799e-05  XNOR2_X1
mult_90_U175                   2.847e-05   2.925e-05   7.198e-05   1.426e-05  INV_X1
FE_RC_5_0                      1.982e-05   1.737e-05   7.013e-05   3.295e-05  AOI21_X1
mult_94_U186                   1.262e-05   1.397e-05   6.899e-05   4.241e-05  OAI22_X1
mult_90_U255                   2.161e-05   2.133e-05   6.897e-05   2.604e-05  OAI22_X1
mult_94_U266                   2.169e-05   2.123e-05   6.815e-05   2.523e-05  OAI22_X1
mult_94_U187                   1.802e-05   9.764e-06   6.574e-05   3.796e-05  XOR2_X1
FE_RC_4_0                      1.978e-05   1.198e-05   6.471e-05   3.295e-05  AOI21_X1
FE_RC_2_0                      2.002e-05   1.165e-05    6.47e-05   3.303e-05  AOI21_X1
FE_RC_0_0                      1.978e-05   1.158e-05   6.439e-05   3.303e-05  AOI21_X1
FE_RC_3_0                      1.976e-05   1.035e-05   6.305e-05   3.295e-05  AOI21_X1
FE_RC_1_0                          2e-05   1.009e-05   6.303e-05   3.295e-05  AOI21_X1
mult_90_U181                           0           0   5.304e-05   5.304e-05  XOR2_X2
mult_94_U254                           0           0   5.189e-05   5.189e-05  XOR2_X1
mult_90_U211                           0           0    4.96e-05    4.96e-05  OAI22_X1
mult_90_U213                           0           0   4.907e-05   4.907e-05  OAI22_X1
mult_94_U237                           0           0   4.818e-05   4.818e-05  OAI21_X1
mult_94_U207                           0           0   4.818e-05   4.818e-05  OAI21_X1
mult_93_U237                           0           0   4.818e-05   4.818e-05  OAI21_X1
mult_93_U207                           0           0   4.818e-05   4.818e-05  OAI21_X1
mult_90_U215                           0           0   4.747e-05   4.747e-05  OAI22_X1
mult_90_U220                           0           0   4.735e-05   4.735e-05  OAI22_X1
mult_90_U216                           0           0   4.735e-05   4.735e-05  OAI22_X1
mult_90_U218                           0           0   4.735e-05   4.735e-05  OAI22_X1
mult_90_U244                           0           0   4.718e-05   4.718e-05  XNOR2_X1
mult_93_U179                           0           0   4.718e-05   4.718e-05  XNOR2_X1
mult_94_U177                           0           0   4.718e-05   4.718e-05  XNOR2_X1
mult_90_U230                           0           0   4.676e-05   4.676e-05  OAI22_X1
mult_90_U35                            0           0   4.672e-05   4.672e-05  HA_X1
mult_94_U167                   8.825e-06   2.343e-05    4.67e-05   1.445e-05  INV_X1
mult_94_U166                   9.522e-06    2.24e-05   4.618e-05   1.426e-05  INV_X1
mult_90_U176                   8.412e-06   2.321e-05   4.588e-05   1.426e-05  INV_X1
mult_90_U173                   9.707e-06   2.137e-05   4.534e-05   1.426e-05  INV_X1
mult_94_U276                           0           0   4.296e-05   4.296e-05  XOR2_X1
mult_90_U284                           0           0   4.296e-05   4.296e-05  XOR2_X1
mult_94_U169                   1.004e-05   1.628e-05   4.077e-05   1.445e-05  INV_X1
mult_94_U168                   8.462e-06   1.742e-05   4.033e-05   1.445e-05  INV_X1
mult_90_U178                    1.04e-05   1.566e-05   4.032e-05   1.426e-05  INV_X1
mult_93_U178                           0           0    3.93e-05    3.93e-05  XNOR2_X1
mult_94_U176                           0           0    3.93e-05    3.93e-05  XNOR2_X1
mult_93_U177                           0           0    3.93e-05    3.93e-05  XNOR2_X1
mult_94_U175                           0           0    3.93e-05    3.93e-05  XNOR2_X1
mult_90_U177                   8.644e-06   1.627e-05   3.918e-05   1.426e-05  INV_X1
mult_94_U174                   8.455e-06    1.64e-05   3.911e-05   1.426e-05  INV_X1
mult_90_U174                   8.718e-06    1.58e-05   3.878e-05   1.426e-05  INV_X1
mult_90_U239                           0           0   3.661e-05   3.661e-05  XNOR2_X1
mult_90_U277                           0           0   3.661e-05   3.661e-05  XNOR2_X1
mult_90_U224                           0           0   3.493e-05   3.493e-05  OAI21_X1
U57                            1.092e-06   1.055e-05   2.974e-05    1.81e-05  INV_X1
mult_90_U225                           0           0   2.801e-05   2.801e-05  NAND3_X1
mult_94_U246                           0           0   2.639e-05   2.639e-05  XOR2_X1
FE_OFC3_mult_94_n235                   0           0    2.59e-05    2.59e-05  CLKBUF_X2
FE_OFC0_mult_94_n242                   0           0    2.59e-05    2.59e-05  CLKBUF_X2
FE_OFC1_mult_93_n242                   0           0    2.59e-05    2.59e-05  CLKBUF_X2
FE_OFC2_mult_93_n235                   0           0    2.59e-05    2.59e-05  CLKBUF_X2
mult_94_U275                           0           0    2.48e-05    2.48e-05  NAND2_X1
mult_90_U276                           0           0    2.48e-05    2.48e-05  NAND2_X1
mult_90_U238                           0           0    2.48e-05    2.48e-05  NAND2_X1
mult_93_U275                           0           0    2.48e-05    2.48e-05  NAND2_X1
mult_90_U210                           0           0   2.371e-05   2.371e-05  NOR2_X1
mult_90_U186                           0           0   2.341e-05   2.341e-05  XOR2_X1
mult_94_U238                           0           0   2.165e-05   2.165e-05  OR3_X1
mult_93_U238                           0           0   2.137e-05   2.137e-05  OR3_X1
FE_RC_6_0                              0           0   2.035e-05   2.035e-05  OAI21_X1
FE_DBTC4_b0_5                          0           0    1.86e-05    1.86e-05  INV_X1
FE_DBTC2_b0_0                          0           0    1.86e-05    1.86e-05  INV_X1
mult_90_U172                           0           0    1.86e-05    1.86e-05  INV_X1
mult_90_U182                           0           0    1.86e-05    1.86e-05  INV_X1
mult_90_U179                           0           0    1.86e-05    1.86e-05  INV_X1
mult_90_U184                           0           0    1.86e-05    1.86e-05  INV_X1
mult_90_U185                           0           0    1.86e-05    1.86e-05  INV_X1
mult_90_U188                           0           0    1.86e-05    1.86e-05  INV_X1
mult_90_U180                           0           0    1.86e-05    1.86e-05  INV_X1
mult_90_U241                           0           0   1.769e-05   1.769e-05  AOI22_X1
mult_94_U171                           0           0    1.01e-05    1.01e-05  INV_X1
FE_DBTC3_b0_3                          0           0    1.01e-05    1.01e-05  INV_X1
FE_DBTC5_b0_7                          0           0    1.01e-05    1.01e-05  INV_X1
mult_93_U176                           0           0    1.01e-05    1.01e-05  INV_X1
mult_90_U283                           0           0   4.085e-06   4.085e-06  NAND2_X1
mult_90_U243                           0           0   4.085e-06   4.085e-06  NAND2_X1
mult_93_U253                           0           0   3.483e-06   3.483e-06  NAND2_X1
mult_93_U245                           0           0   3.483e-06   3.483e-06  NAND2_X1
mult_94_U253                           0           0   3.483e-06   3.483e-06  NAND2_X1
mult_94_U269                           0           0   3.483e-06   3.483e-06  NAND2_X1
mult_93_U269                           0           0   3.483e-06   3.483e-06  NAND2_X1
mult_94_U245                           0           0   3.483e-06   3.483e-06  NAND2_X1
mult_94_U211                           0           0   2.898e-06   2.898e-06  NAND3_X1
mult_93_U211                           0           0   2.746e-06   2.746e-06  NAND3_X1
mult_93_U208                           0           0   2.533e-06   2.533e-06  NAND3_X1
mult_94_U208                           0           0   2.428e-06   2.428e-06  NAND3_X1

---------------------------------------------------------------------------------------

Total (    514 of    514  )       0.2527      0.1671     0.4402     0.02037
Total Capacitance                2.948e-12 F
Power Density                   *** No Die Area ***
